  [javadoc] Generating Javadoc
  [javadoc] Javadoc execution
  [javadoc] Loading source file /tmp/moe_git_clone_external_4048443413981435774/src/com/facebook/buck/android/AaptPackageResources.java...
  [javadoc] Loading source file /tmp/moe_git_clone_external_4048443413981435774/src/com/facebook/buck/android/AaptStep.java...
  [javadoc] Loading source file /tmp/moe_git_clone_external_4048443413981435774/src/com/facebook/buck/android/AidlStep.java...
  [javadoc] Loading source file /tmp/moe_git_clone_external_4048443413981435774/src/com/facebook/buck/android/AndroidBinary.java...
  [javadoc] Loading source file /tmp/moe_git_clone_external_4048443413981435774/src/com/facebook/buck/android/AndroidBinaryDescription.java...
  [javadoc] Loading source file /tmp/moe_git_clone_external_4048443413981435774/src/com/facebook/buck/android/AndroidBinaryGraphEnhancer.java...
  [javadoc] Loading source file /tmp/moe_git_clone_external_4048443413981435774/src/com/facebook/buck/android/AndroidBuildConfig.java...
  [javadoc] Loading source file /tmp/moe_git_clone_external_4048443413981435774/src/com/facebook/buck/android/AndroidBuildConfigDescription.java...
  [javadoc] Loading source file /tmp/moe_git_clone_external_4048443413981435774/src/com/facebook/buck/android/AndroidBuildConfigJavaLibrary.java...
  [javadoc] Loading source file /tmp/moe_git_clone_external_4048443413981435774/src/com/facebook/buck/android/AndroidInstrumentationApk.java...
  [javadoc] Loading source file /tmp/moe_git_clone_external_4048443413981435774/src/com/facebook/buck/android/AndroidInstrumentationApkDescription.java...
  [javadoc] Loading source file /tmp/moe_git_clone_external_4048443413981435774/src/com/facebook/buck/android/AndroidLibrary.java...
  [javadoc] Loading source file /tmp/moe_git_clone_external_4048443413981435774/src/com/facebook/buck/android/AndroidLibraryDescription.java...
  [javadoc] Loading source file /tmp/moe_git_clone_external_4048443413981435774/src/com/facebook/buck/android/AndroidLibraryGraphEnhancer.java...
  [javadoc] Loading source file /tmp/moe_git_clone_external_4048443413981435774/src/com/facebook/buck/android/AndroidManifest.java...
  [javadoc] Loading source file /tmp/moe_git_clone_external_4048443413981435774/src/com/facebook/buck/android/AndroidManifestDescription.java...
  [javadoc] Loading source file /tmp/moe_git_clone_external_4048443413981435774/src/com/facebook/buck/android/AndroidPackageable.java...
  [javadoc] Loading source file /tmp/moe_git_clone_external_4048443413981435774/src/com/facebook/buck/android/AndroidPackageableCollection.java...
  [javadoc] Loading source file /tmp/moe_git_clone_external_4048443413981435774/src/com/facebook/buck/android/AndroidPackageableCollector.java...
  [javadoc] Loading source file /tmp/moe_git_clone_external_4048443413981435774/src/com/facebook/buck/android/AndroidPrebuiltAarDescription.java...
  [javadoc] Loading source file /tmp/moe_git_clone_external_4048443413981435774/src/com/facebook/buck/android/AndroidPrebuiltAarGraphEnhancer.java...
  [javadoc] Loading source file /tmp/moe_git_clone_external_4048443413981435774/src/com/facebook/buck/android/AndroidResource.java...
  [javadoc] Loading source file /tmp/moe_git_clone_external_4048443413981435774/src/com/facebook/buck/android/AndroidResourceDescription.java...
  [javadoc] Loading source file /tmp/moe_git_clone_external_4048443413981435774/src/com/facebook/buck/android/AndroidTransitiveDependencyGraph.java...
  [javadoc] Loading source file /tmp/moe_git_clone_external_4048443413981435774/src/com/facebook/buck/android/ApkBuilderStep.java...
  [javadoc] Loading source file /tmp/moe_git_clone_external_4048443413981435774/src/com/facebook/buck/android/ApkGenrule.java...
  [javadoc] Loading source file /tmp/moe_git_clone_external_4048443413981435774/src/com/facebook/buck/android/ApkGenruleDescription.java...
  [javadoc] Loading source file /tmp/moe_git_clone_external_4048443413981435774/src/com/facebook/buck/android/BuckEventAndroidLogger.java...
  [javadoc] Loading source file /tmp/moe_git_clone_external_4048443413981435774/src/com/facebook/buck/android/BuildConfigs.java...
  [javadoc] Loading source file /tmp/moe_git_clone_external_4048443413981435774/src/com/facebook/buck/android/ClassNameFilter.java...
  [javadoc] Loading source file /tmp/moe_git_clone_external_4048443413981435774/src/com/facebook/buck/android/ClassNodeListSupplier.java...
  [javadoc] Loading source file /tmp/moe_git_clone_external_4048443413981435774/src/com/facebook/buck/android/CompileStringsStep.java...
  [javadoc] Loading source file /tmp/moe_git_clone_external_4048443413981435774/src/com/facebook/buck/android/ComputeExopackageDepsAbi.java...
  [javadoc] Loading source file /tmp/moe_git_clone_external_4048443413981435774/src/com/facebook/buck/android/DexProducedFromJavaLibrary.java...
  [javadoc] Loading source file /tmp/moe_git_clone_external_4048443413981435774/src/com/facebook/buck/android/DexSplitMode.java...
  [javadoc] Loading source file /tmp/moe_git_clone_external_4048443413981435774/src/com/facebook/buck/android/DexStore.java...
  [javadoc] Loading source file /tmp/moe_git_clone_external_4048443413981435774/src/com/facebook/buck/android/DexWithClasses.java...
  [javadoc] Loading source file /tmp/moe_git_clone_external_4048443413981435774/src/com/facebook/buck/android/DummyRDotJava.java...
  [javadoc] Loading source file /tmp/moe_git_clone_external_4048443413981435774/src/com/facebook/buck/android/DxStep.java...
  [javadoc] Loading source file /tmp/moe_git_clone_external_4048443413981435774/src/com/facebook/buck/android/FilterResourcesStep.java...
  [javadoc] Loading source file /tmp/moe_git_clone_external_4048443413981435774/src/com/facebook/buck/android/FilteredResourcesProvider.java...
  [javadoc] Loading source file /tmp/moe_git_clone_external_4048443413981435774/src/com/facebook/buck/android/GenAidl.java...
  [javadoc] Loading source file /tmp/moe_git_clone_external_4048443413981435774/src/com/facebook/buck/android/GenAidlDescription.java...
  [javadoc] Loading source file /tmp/moe_git_clone_external_4048443413981435774/src/com/facebook/buck/android/GenProGuardConfigStep.java...
  [javadoc] Loading source file /tmp/moe_git_clone_external_4048443413981435774/src/com/facebook/buck/android/GenRDotTxtUtil.java...
  [javadoc] Loading source file /tmp/moe_git_clone_external_4048443413981435774/src/com/facebook/buck/android/GenStringSourceMapStep.java...
  [javadoc] Loading source file /tmp/moe_git_clone_external_4048443413981435774/src/com/facebook/buck/android/GenerateBuildConfigStep.java...
  [javadoc] Loading source file /tmp/moe_git_clone_external_4048443413981435774/src/com/facebook/buck/android/GenerateManifestStep.java...
  [javadoc] Loading source file /tmp/moe_git_clone_external_4048443413981435774/src/com/facebook/buck/android/HasAndroidPlatformTarget.java...
  [javadoc] Loading source file /tmp/moe_git_clone_external_4048443413981435774/src/com/facebook/buck/android/HasAndroidResourceDeps.java...
  [javadoc] Loading source file /tmp/moe_git_clone_external_4048443413981435774/src/com/facebook/buck/android/HashInputJarsToDexStep.java...
  [javadoc] Loading source file /tmp/moe_git_clone_external_4048443413981435774/src/com/facebook/buck/android/IdentityResourcesProvider.java...
  [javadoc] Loading source file /tmp/moe_git_clone_external_4048443413981435774/src/com/facebook/buck/android/MergeAndroidResourcesStep.java...
  [javadoc] Loading source file /tmp/moe_git_clone_external_4048443413981435774/src/com/facebook/buck/android/NativeLibraryBuildRule.java...
  [javadoc] Loading source file /tmp/moe_git_clone_external_4048443413981435774/src/com/facebook/buck/android/NdkBuildStep.java...
  [javadoc] Loading source file /tmp/moe_git_clone_external_4048443413981435774/src/com/facebook/buck/android/NdkLibrary.java...
  [javadoc] Loading source file /tmp/moe_git_clone_external_4048443413981435774/src/com/facebook/buck/android/NdkLibraryDescription.java...
  [javadoc] Loading source file /tmp/moe_git_clone_external_4048443413981435774/src/com/facebook/buck/android/NoAndroidSdkException.java...
  [javadoc] Loading source file /tmp/moe_git_clone_external_4048443413981435774/src/com/facebook/buck/android/PackageStringAssets.java...
  [javadoc] Loading source file /tmp/moe_git_clone_external_4048443413981435774/src/com/facebook/buck/android/PreDexMerge.java...
  [javadoc] Loading source file /tmp/moe_git_clone_external_4048443413981435774/src/com/facebook/buck/android/PreDexedFilesSorter.java...
  [javadoc] Loading source file /tmp/moe_git_clone_external_4048443413981435774/src/com/facebook/buck/android/PrebuiltNativeLibrary.java...
  [javadoc] Loading source file /tmp/moe_git_clone_external_4048443413981435774/src/com/facebook/buck/android/PrebuiltNativeLibraryDescription.java...
  [javadoc] Loading source file /tmp/moe_git_clone_external_4048443413981435774/src/com/facebook/buck/android/ProGuardObfuscateStep.java...
  [javadoc] Loading source file /tmp/moe_git_clone_external_4048443413981435774/src/com/facebook/buck/android/ProguardMapping.java...
  [javadoc] Loading source file /tmp/moe_git_clone_external_4048443413981435774/src/com/facebook/buck/android/ProguardTranslatorFactory.java...
  [javadoc] Loading source file /tmp/moe_git_clone_external_4048443413981435774/src/com/facebook/buck/android/RDotTxtEntry.java...
  [javadoc] Loading source file /tmp/moe_git_clone_external_4048443413981435774/src/com/facebook/buck/android/ResourcesFilter.java...
  [javadoc] Loading source file /tmp/moe_git_clone_external_4048443413981435774/src/com/facebook/buck/android/RobolectricTest.java...
  [javadoc] Loading source file /tmp/moe_git_clone_external_4048443413981435774/src/com/facebook/buck/android/RobolectricTestDescription.java...
  [javadoc] Loading source file /tmp/moe_git_clone_external_4048443413981435774/src/com/facebook/buck/android/SmartDexingStep.java...
  [javadoc] Loading source file /tmp/moe_git_clone_external_4048443413981435774/src/com/facebook/buck/android/SplitZipStep.java...
  [javadoc] Loading source file /tmp/moe_git_clone_external_4048443413981435774/src/com/facebook/buck/android/StringResources.java...
  [javadoc] Loading source file /tmp/moe_git_clone_external_4048443413981435774/src/com/facebook/buck/android/UberRDotJava.java...
  [javadoc] Loading source file /tmp/moe_git_clone_external_4048443413981435774/src/com/facebook/buck/android/UberRDotJavaUtil.java...
  [javadoc] Loading source file /tmp/moe_git_clone_external_4048443413981435774/src/com/facebook/buck/android/UnsortedAndroidResourceDeps.java...
  [javadoc] Loading source file /tmp/moe_git_clone_external_4048443413981435774/src/com/facebook/buck/android/ZipalignStep.java...
  [javadoc] Loading source file /tmp/moe_git_clone_external_4048443413981435774/src/com/facebook/buck/android/agent/AgentMain.java...
  [javadoc] Loading source file /tmp/moe_git_clone_external_4048443413981435774/src/com/facebook/buck/android/agent/util/AgentUtil.java...
  [javadoc] Loading source file /tmp/moe_git_clone_external_4048443413981435774/src/com/facebook/buck/android/support/exopackage/ApplicationLike.java...
  [javadoc] Loading source file /tmp/moe_git_clone_external_4048443413981435774/src/com/facebook/buck/android/support/exopackage/DefaultApplicationLike.java...
  [javadoc] Loading source file /tmp/moe_git_clone_external_4048443413981435774/src/com/facebook/buck/android/support/exopackage/ExopackageApplication.java...
  [javadoc] Loading source file /tmp/moe_git_clone_external_4048443413981435774/src/com/facebook/buck/android/support/exopackage/ExopackageDexLoader.java...
  [javadoc] Loading source file /tmp/moe_git_clone_external_4048443413981435774/src/com/facebook/buck/android/support/exopackage/SystemClassLoaderAdder.java...
  [javadoc] Loading source file /tmp/moe_git_clone_external_4048443413981435774/src/com/facebook/buck/apple/AbstractAppleNativeTargetBuildRule.java...
  [javadoc] Loading source file /tmp/moe_git_clone_external_4048443413981435774/src/com/facebook/buck/apple/AppleAssetCatalog.java...
  [javadoc] Loading source file /tmp/moe_git_clone_external_4048443413981435774/src/com/facebook/buck/apple/AppleAssetCatalogDescription.java...
  [javadoc] Loading source file /tmp/moe_git_clone_external_4048443413981435774/src/com/facebook/buck/apple/AppleBinary.java...
  [javadoc] Loading source file /tmp/moe_git_clone_external_4048443413981435774/src/com/facebook/buck/apple/AppleBinaryDescription.java...
  [javadoc] Loading source file /tmp/moe_git_clone_external_4048443413981435774/src/com/facebook/buck/apple/AppleBuildRules.java...
  [javadoc] Loading source file /tmp/moe_git_clone_external_4048443413981435774/src/com/facebook/buck/apple/AppleBundle.java...
  [javadoc] Loading source file /tmp/moe_git_clone_external_4048443413981435774/src/com/facebook/buck/apple/AppleBundleDescription.java...
  [javadoc] Loading source file /tmp/moe_git_clone_external_4048443413981435774/src/com/facebook/buck/apple/AppleBundleExtension.java...
  [javadoc] Loading source file /tmp/moe_git_clone_external_4048443413981435774/src/com/facebook/buck/apple/AppleLibrary.java...
  [javadoc] Loading source file /tmp/moe_git_clone_external_4048443413981435774/src/com/facebook/buck/apple/AppleLibraryDescription.java...
  [javadoc] Loading source file /tmp/moe_git_clone_external_4048443413981435774/src/com/facebook/buck/apple/AppleNativeTargetDescriptionArg.java...
  [javadoc] Loading source file /tmp/moe_git_clone_external_4048443413981435774/src/com/facebook/buck/apple/AppleResource.java...
  [javadoc] Loading source file /tmp/moe_git_clone_external_4048443413981435774/src/com/facebook/buck/apple/AppleResourceDescription.java...
  [javadoc] Loading source file /tmp/moe_git_clone_external_4048443413981435774/src/com/facebook/buck/apple/AppleTest.java...
  [javadoc] Loading source file /tmp/moe_git_clone_external_4048443413981435774/src/com/facebook/buck/apple/AppleTestDescription.java...
  [javadoc] Loading source file /tmp/moe_git_clone_external_4048443413981435774/src/com/facebook/buck/apple/CoreDataModel.java...
  [javadoc] Loading source file /tmp/moe_git_clone_external_4048443413981435774/src/com/facebook/buck/apple/CoreDataModelDescription.java...
  [javadoc] Loading source file /tmp/moe_git_clone_external_4048443413981435774/src/com/facebook/buck/apple/FileExtensions.java...
  [javadoc] Loading source file /tmp/moe_git_clone_external_4048443413981435774/src/com/facebook/buck/apple/FileTypes.java...
  [javadoc] Loading source file /tmp/moe_git_clone_external_4048443413981435774/src/com/facebook/buck/apple/GroupedSource.java...
  [javadoc] Loading source file /tmp/moe_git_clone_external_4048443413981435774/src/com/facebook/buck/apple/GroupedSources.java...
  [javadoc] Loading source file /tmp/moe_git_clone_external_4048443413981435774/src/com/facebook/buck/apple/HeaderVisibility.java...
  [javadoc] Loading source file /tmp/moe_git_clone_external_4048443413981435774/src/com/facebook/buck/apple/IosPostprocessResources.java...
  [javadoc] Loading source file /tmp/moe_git_clone_external_4048443413981435774/src/com/facebook/buck/apple/IosPostprocessResourcesDescription.java...
  [javadoc] Loading source file /tmp/moe_git_clone_external_4048443413981435774/src/com/facebook/buck/apple/RuleUtils.java...
  [javadoc] Loading source file /tmp/moe_git_clone_external_4048443413981435774/src/com/facebook/buck/apple/SchemeActionType.java...
  [javadoc] Loading source file /tmp/moe_git_clone_external_4048443413981435774/src/com/facebook/buck/apple/TargetSources.java...
  [javadoc] Loading source file /tmp/moe_git_clone_external_4048443413981435774/src/com/facebook/buck/apple/XcodeNative.java...
  [javadoc] Loading source file /tmp/moe_git_clone_external_4048443413981435774/src/com/facebook/buck/apple/XcodeNativeDescription.java...
  [javadoc] Loading source file /tmp/moe_git_clone_external_4048443413981435774/src/com/facebook/buck/apple/XcodeProjectConfig.java...
  [javadoc] Loading source file /tmp/moe_git_clone_external_4048443413981435774/src/com/facebook/buck/apple/XcodeProjectConfigDescription.java...
  [javadoc] Loading source file /tmp/moe_git_clone_external_4048443413981435774/src/com/facebook/buck/apple/XcodeRuleConfiguration.java...
  [javadoc] Loading source file /tmp/moe_git_clone_external_4048443413981435774/src/com/facebook/buck/apple/XcodeWorkspaceConfig.java...
  [javadoc] Loading source file /tmp/moe_git_clone_external_4048443413981435774/src/com/facebook/buck/apple/XcodeWorkspaceConfigDescription.java...
  [javadoc] Loading source file /tmp/moe_git_clone_external_4048443413981435774/src/com/facebook/buck/apple/clang/HeaderMap.java...
  [javadoc] Loading source file /tmp/moe_git_clone_external_4048443413981435774/src/com/facebook/buck/apple/clang/PrintHeaderMap.java...
  [javadoc] Loading source file /tmp/moe_git_clone_external_4048443413981435774/src/com/facebook/buck/apple/xcode/GidGenerator.java...
  [javadoc] Loading source file /tmp/moe_git_clone_external_4048443413981435774/src/com/facebook/buck/apple/xcode/ProjectGenerator.java...
  [javadoc] Loading source file /tmp/moe_git_clone_external_4048443413981435774/src/com/facebook/buck/apple/xcode/ProjectParser.java...
  [javadoc] Loading source file /tmp/moe_git_clone_external_4048443413981435774/src/com/facebook/buck/apple/xcode/SchemeGenerator.java...
  [javadoc] Loading source file /tmp/moe_git_clone_external_4048443413981435774/src/com/facebook/buck/apple/xcode/SeparatedProjectsGenerator.java...
  [javadoc] Loading source file /tmp/moe_git_clone_external_4048443413981435774/src/com/facebook/buck/apple/xcode/WorkspaceAndProjectGenerator.java...
  [javadoc] Loading source file /tmp/moe_git_clone_external_4048443413981435774/src/com/facebook/buck/apple/xcode/WorkspaceGenerator.java...
  [javadoc] Loading source file /tmp/moe_git_clone_external_4048443413981435774/src/com/facebook/buck/apple/xcode/XCScheme.java...
  [javadoc] Loading source file /tmp/moe_git_clone_external_4048443413981435774/src/com/facebook/buck/apple/xcode/XcodeprojSerializer.java...
  [javadoc] Loading source file /tmp/moe_git_clone_external_4048443413981435774/src/com/facebook/buck/apple/xcode/plist/PlistArray.java...
  [javadoc] Loading source file /tmp/moe_git_clone_external_4048443413981435774/src/com/facebook/buck/apple/xcode/plist/PlistDictionary.java...
  [javadoc] Loading source file /tmp/moe_git_clone_external_4048443413981435774/src/com/facebook/buck/apple/xcode/plist/PlistScalar.java...
  [javadoc] Loading source file /tmp/moe_git_clone_external_4048443413981435774/src/com/facebook/buck/apple/xcode/plist/PlistSerializer.java...
  [javadoc] Loading source file /tmp/moe_git_clone_external_4048443413981435774/src/com/facebook/buck/apple/xcode/plist/PlistValue.java...
  [javadoc] Loading source file /tmp/moe_git_clone_external_4048443413981435774/src/com/facebook/buck/apple/xcode/plist/PlistVisitor.java...
  [javadoc] Loading source file /tmp/moe_git_clone_external_4048443413981435774/src/com/facebook/buck/apple/xcode/xcconfig/Condition.java...
  [javadoc] Loading source file /tmp/moe_git_clone_external_4048443413981435774/src/com/facebook/buck/apple/xcode/xcconfig/PredicatedConfigValue.java...
  [javadoc] Loading source file /tmp/moe_git_clone_external_4048443413981435774/src/com/facebook/buck/apple/xcode/xcconfig/TokenValue.java...
  [javadoc] Loading source file /tmp/moe_git_clone_external_4048443413981435774/src/com/facebook/buck/apple/xcode/xcconfig/XcconfigStack.java...
  [javadoc] Loading source file /tmp/moe_git_clone_external_4048443413981435774/src/com/facebook/buck/apple/xcode/xcodeproj/PBXAggregateTarget.java...
  [javadoc] Loading source file /tmp/moe_git_clone_external_4048443413981435774/src/com/facebook/buck/apple/xcode/xcodeproj/PBXBuildFile.java...
  [javadoc] Loading source file /tmp/moe_git_clone_external_4048443413981435774/src/com/facebook/buck/apple/xcode/xcodeproj/PBXBuildPhase.java...
  [javadoc] Loading source file /tmp/moe_git_clone_external_4048443413981435774/src/com/facebook/buck/apple/xcode/xcodeproj/PBXBuildStyle.java...
  [javadoc] Loading source file /tmp/moe_git_clone_external_4048443413981435774/src/com/facebook/buck/apple/xcode/xcodeproj/PBXContainer.java...
  [javadoc] Loading source file /tmp/moe_git_clone_external_4048443413981435774/src/com/facebook/buck/apple/xcode/xcodeproj/PBXContainerItem.java...
  [javadoc] Loading source file /tmp/moe_git_clone_external_4048443413981435774/src/com/facebook/buck/apple/xcode/xcodeproj/PBXContainerItemProxy.java...
  [javadoc] Loading source file /tmp/moe_git_clone_external_4048443413981435774/src/com/facebook/buck/apple/xcode/xcodeproj/PBXCopyFilesBuildPhase.java...
  [javadoc] Loading source file /tmp/moe_git_clone_external_4048443413981435774/src/com/facebook/buck/apple/xcode/xcodeproj/PBXFileReference.java...
  [javadoc] Loading source file /tmp/moe_git_clone_external_4048443413981435774/src/com/facebook/buck/apple/xcode/xcodeproj/PBXFrameworksBuildPhase.java...
  [javadoc] Loading source file /tmp/moe_git_clone_external_4048443413981435774/src/com/facebook/buck/apple/xcode/xcodeproj/PBXGroup.java...
  [javadoc] Loading source file /tmp/moe_git_clone_external_4048443413981435774/src/com/facebook/buck/apple/xcode/xcodeproj/PBXHeadersBuildPhase.java...
  [javadoc] Loading source file /tmp/moe_git_clone_external_4048443413981435774/src/com/facebook/buck/apple/xcode/xcodeproj/PBXNativeTarget.java...
  [javadoc] Loading source file /tmp/moe_git_clone_external_4048443413981435774/src/com/facebook/buck/apple/xcode/xcodeproj/PBXObject.java...
  [javadoc] Loading source file /tmp/moe_git_clone_external_4048443413981435774/src/com/facebook/buck/apple/xcode/xcodeproj/PBXProject.java...
  [javadoc] Loading source file /tmp/moe_git_clone_external_4048443413981435774/src/com/facebook/buck/apple/xcode/xcodeproj/PBXProjectItem.java...
  [javadoc] Loading source file /tmp/moe_git_clone_external_4048443413981435774/src/com/facebook/buck/apple/xcode/xcodeproj/PBXReference.java...
  [javadoc] Loading source file /tmp/moe_git_clone_external_4048443413981435774/src/com/facebook/buck/apple/xcode/xcodeproj/PBXResourcesBuildPhase.java...
  [javadoc] Loading source file /tmp/moe_git_clone_external_4048443413981435774/src/com/facebook/buck/apple/xcode/xcodeproj/PBXShellScriptBuildPhase.java...
  [javadoc] Loading source file /tmp/moe_git_clone_external_4048443413981435774/src/com/facebook/buck/apple/xcode/xcodeproj/PBXSourcesBuildPhase.java...
  [javadoc] Loading source file /tmp/moe_git_clone_external_4048443413981435774/src/com/facebook/buck/apple/xcode/xcodeproj/PBXTarget.java...
  [javadoc] Loading source file /tmp/moe_git_clone_external_4048443413981435774/src/com/facebook/buck/apple/xcode/xcodeproj/PBXTargetDependency.java...
  [javadoc] Loading source file /tmp/moe_git_clone_external_4048443413981435774/src/com/facebook/buck/apple/xcode/xcodeproj/PBXVariantGroup.java...
  [javadoc] Loading source file /tmp/moe_git_clone_external_4048443413981435774/src/com/facebook/buck/apple/xcode/xcodeproj/SourceTreePath.java...
  [javadoc] Loading source file /tmp/moe_git_clone_external_4048443413981435774/src/com/facebook/buck/apple/xcode/xcodeproj/XCBuildConfiguration.java...
  [javadoc] Loading source file /tmp/moe_git_clone_external_4048443413981435774/src/com/facebook/buck/apple/xcode/xcodeproj/XCConfigurationList.java...
  [javadoc] Loading source file /tmp/moe_git_clone_external_4048443413981435774/src/com/facebook/buck/apple/xcode/xcodeproj/XCVersionGroup.java...
  [javadoc] Loading source file /tmp/moe_git_clone_external_4048443413981435774/src/com/facebook/buck/apple/xcode/xcspec/SDKSettings.java...
  [javadoc] Loading source file /tmp/moe_git_clone_external_4048443413981435774/src/com/facebook/buck/cli/AbstractCommandOptions.java...
  [javadoc] Loading source file /tmp/moe_git_clone_external_4048443413981435774/src/com/facebook/buck/cli/AbstractCommandRunner.java...
  [javadoc] Loading source file /tmp/moe_git_clone_external_4048443413981435774/src/com/facebook/buck/cli/AdbHelper.java...
  [javadoc] Loading source file /tmp/moe_git_clone_external_4048443413981435774/src/com/facebook/buck/cli/AdbOptions.java...
  [javadoc] Loading source file /tmp/moe_git_clone_external_4048443413981435774/src/com/facebook/buck/cli/AdditionalOptions.java...
  [javadoc] Loading source file /tmp/moe_git_clone_external_4048443413981435774/src/com/facebook/buck/cli/ArtifactCacheFactory.java...
  [javadoc] Loading source file /tmp/moe_git_clone_external_4048443413981435774/src/com/facebook/buck/cli/AuditClasspathCommand.java...
  [javadoc] Loading source file /tmp/moe_git_clone_external_4048443413981435774/src/com/facebook/buck/cli/AuditCommandOptions.java...
  [javadoc] Loading source file /tmp/moe_git_clone_external_4048443413981435774/src/com/facebook/buck/cli/AuditCommandRunner.java...
  [javadoc] Loading source file /tmp/moe_git_clone_external_4048443413981435774/src/com/facebook/buck/cli/AuditInputCommand.java...
  [javadoc] Loading source file /tmp/moe_git_clone_external_4048443413981435774/src/com/facebook/buck/cli/AuditOwnerCommand.java...
  [javadoc] Loading source file /tmp/moe_git_clone_external_4048443413981435774/src/com/facebook/buck/cli/AuditOwnerOptions.java...
  [javadoc] Loading source file /tmp/moe_git_clone_external_4048443413981435774/src/com/facebook/buck/cli/AuditRulesCommand.java...
  [javadoc] Loading source file /tmp/moe_git_clone_external_4048443413981435774/src/com/facebook/buck/cli/AuditRulesOptions.java...
  [javadoc] Loading source file /tmp/moe_git_clone_external_4048443413981435774/src/com/facebook/buck/cli/BuckConfig.java...
  [javadoc] Loading source file /tmp/moe_git_clone_external_4048443413981435774/src/com/facebook/buck/cli/BuildCommand.java...
  [javadoc] Loading source file /tmp/moe_git_clone_external_4048443413981435774/src/com/facebook/buck/cli/BuildCommandOptions.java...
  [javadoc] Loading source file /tmp/moe_git_clone_external_4048443413981435774/src/com/facebook/buck/cli/CacheCommand.java...
  [javadoc] Loading source file /tmp/moe_git_clone_external_4048443413981435774/src/com/facebook/buck/cli/CacheCommandOptions.java...
  [javadoc] Loading source file /tmp/moe_git_clone_external_4048443413981435774/src/com/facebook/buck/cli/CleanCommand.java...
  [javadoc] Loading source file /tmp/moe_git_clone_external_4048443413981435774/src/com/facebook/buck/cli/CleanCommandOptions.java...
  [javadoc] Loading source file /tmp/moe_git_clone_external_4048443413981435774/src/com/facebook/buck/cli/CmdLineParserAdditionalOptions.java...
  [javadoc] Loading source file /tmp/moe_git_clone_external_4048443413981435774/src/com/facebook/buck/cli/Command.java...
  [javadoc] Loading source file /tmp/moe_git_clone_external_4048443413981435774/src/com/facebook/buck/cli/CommandEvent.java...
  [javadoc] Loading source file /tmp/moe_git_clone_external_4048443413981435774/src/com/facebook/buck/cli/CommandLineBuildTargetNormalizer.java...
  [javadoc] Loading source file /tmp/moe_git_clone_external_4048443413981435774/src/com/facebook/buck/cli/CommandRunner.java...
  [javadoc] Loading source file /tmp/moe_git_clone_external_4048443413981435774/src/com/facebook/buck/cli/CommandRunnerParams.java...
  [javadoc] Loading source file /tmp/moe_git_clone_external_4048443413981435774/src/com/facebook/buck/cli/ConsoleHandlerRedirector.java...
  [javadoc] Loading source file /tmp/moe_git_clone_external_4048443413981435774/src/com/facebook/buck/cli/ConsoleLogLevelOverrider.java...
  [javadoc] Loading source file /tmp/moe_git_clone_external_4048443413981435774/src/com/facebook/buck/cli/DependencyQuery.java...
  [javadoc] Loading source file /tmp/moe_git_clone_external_4048443413981435774/src/com/facebook/buck/cli/EnvironmentFilter.java...
  [javadoc] Loading source file /tmp/moe_git_clone_external_4048443413981435774/src/com/facebook/buck/cli/ExopackageInstaller.java...
  [javadoc] Loading source file /tmp/moe_git_clone_external_4048443413981435774/src/com/facebook/buck/cli/GenericBuckOptions.java...
  [javadoc] Loading source file /tmp/moe_git_clone_external_4048443413981435774/src/com/facebook/buck/cli/InstallCommand.java...
  [javadoc] Loading source file /tmp/moe_git_clone_external_4048443413981435774/src/com/facebook/buck/cli/InstallCommandOptions.java...
  [javadoc] Loading source file /tmp/moe_git_clone_external_4048443413981435774/src/com/facebook/buck/cli/InstallEvent.java...
  [javadoc] Loading source file /tmp/moe_git_clone_external_4048443413981435774/src/com/facebook/buck/cli/JavaUtilLogHandlers.java...
  [javadoc] Loading source file /tmp/moe_git_clone_external_4048443413981435774/src/com/facebook/buck/cli/LabelSelector.java...
  [javadoc] Loading source file /tmp/moe_git_clone_external_4048443413981435774/src/com/facebook/buck/cli/LoggingArtifactCacheFactory.java...
  [javadoc] Loading source file /tmp/moe_git_clone_external_4048443413981435774/src/com/facebook/buck/cli/Main.java...
  [javadoc] Loading source file /tmp/moe_git_clone_external_4048443413981435774/src/com/facebook/buck/cli/MissingSymbolsHandler.java...
  [javadoc] Loading source file /tmp/moe_git_clone_external_4048443413981435774/src/com/facebook/buck/cli/ProjectCommand.java...
  [javadoc] Loading source file /tmp/moe_git_clone_external_4048443413981435774/src/com/facebook/buck/cli/ProjectCommandOptions.java...
  [javadoc] Loading source file /tmp/moe_git_clone_external_4048443413981435774/src/com/facebook/buck/cli/QuickstartCommand.java...
  [javadoc] Loading source file /tmp/moe_git_clone_external_4048443413981435774/src/com/facebook/buck/cli/QuickstartCommandOptions.java...
  [javadoc] Loading source file /tmp/moe_git_clone_external_4048443413981435774/src/com/facebook/buck/cli/RunCommand.java...
  [javadoc] Loading source file /tmp/moe_git_clone_external_4048443413981435774/src/com/facebook/buck/cli/RunCommandOptions.java...
  [javadoc] Loading source file /tmp/moe_git_clone_external_4048443413981435774/src/com/facebook/buck/cli/StartActivityEvent.java...
  [javadoc] Loading source file /tmp/moe_git_clone_external_4048443413981435774/src/com/facebook/buck/cli/StringSetOptionHandler.java...
  [javadoc] Loading source file /tmp/moe_git_clone_external_4048443413981435774/src/com/facebook/buck/cli/TargetDeviceOptions.java...
  [javadoc] Loading source file /tmp/moe_git_clone_external_4048443413981435774/src/com/facebook/buck/cli/TargetsCommand.java...
  [javadoc] Loading source file /tmp/moe_git_clone_external_4048443413981435774/src/com/facebook/buck/cli/TargetsCommandOptions.java...
  [javadoc] Loading source file /tmp/moe_git_clone_external_4048443413981435774/src/com/facebook/buck/cli/TestCommand.java...
  [javadoc] Loading source file /tmp/moe_git_clone_external_4048443413981435774/src/com/facebook/buck/cli/TestCommandOptions.java...
  [javadoc] Loading source file /tmp/moe_git_clone_external_4048443413981435774/src/com/facebook/buck/cli/TestLabelOptions.java...
  [javadoc] Loading source file /tmp/moe_git_clone_external_4048443413981435774/src/com/facebook/buck/cli/TestRuleKeyFileHelper.java...
  [javadoc] Loading source file /tmp/moe_git_clone_external_4048443413981435774/src/com/facebook/buck/cli/TestSelectorOptions.java...
  [javadoc] Loading source file /tmp/moe_git_clone_external_4048443413981435774/src/com/facebook/buck/cli/UninstallCommand.java...
  [javadoc] Loading source file /tmp/moe_git_clone_external_4048443413981435774/src/com/facebook/buck/cli/UninstallCommandOptions.java...
  [javadoc] Loading source file /tmp/moe_git_clone_external_4048443413981435774/src/com/facebook/buck/cli/UninstallEvent.java...
  [javadoc] Loading source file /tmp/moe_git_clone_external_4048443413981435774/src/com/facebook/buck/cli/VerbosityParser.java...
  [javadoc] Loading source file /tmp/moe_git_clone_external_4048443413981435774/src/com/facebook/buck/command/Build.java...
  [javadoc] Loading source file /tmp/moe_git_clone_external_4048443413981435774/src/com/facebook/buck/command/CompilerXml.java...
  [javadoc] Loading source file /tmp/moe_git_clone_external_4048443413981435774/src/com/facebook/buck/command/DependentModule.java...
  [javadoc] Loading source file /tmp/moe_git_clone_external_4048443413981435774/src/com/facebook/buck/command/Module.java...
  [javadoc] Loading source file /tmp/moe_git_clone_external_4048443413981435774/src/com/facebook/buck/command/Project.java...
  [javadoc] Loading source file /tmp/moe_git_clone_external_4048443413981435774/src/com/facebook/buck/cxx/AbstractNativeBuildRule.java...
  [javadoc] Loading source file /tmp/moe_git_clone_external_4048443413981435774/src/com/facebook/buck/cxx/Archive.java...
  [javadoc] Loading source file /tmp/moe_git_clone_external_4048443413981435774/src/com/facebook/buck/cxx/ArchiveStep.java...
  [javadoc] Loading source file /tmp/moe_git_clone_external_4048443413981435774/src/com/facebook/buck/cxx/Archives.java...
  [javadoc] Loading source file /tmp/moe_git_clone_external_4048443413981435774/src/com/facebook/buck/cxx/CompilerStep.java...
  [javadoc] Loading source file /tmp/moe_git_clone_external_4048443413981435774/src/com/facebook/buck/cxx/CxxBinaryDescription.java...
  [javadoc] Loading source file /tmp/moe_git_clone_external_4048443413981435774/src/com/facebook/buck/cxx/CxxBuckConfig.java...
  [javadoc] Loading source file /tmp/moe_git_clone_external_4048443413981435774/src/com/facebook/buck/cxx/CxxCompilableEnhancer.java...
  [javadoc] Loading source file /tmp/moe_git_clone_external_4048443413981435774/src/com/facebook/buck/cxx/CxxCompilables.java...
  [javadoc] Loading source file /tmp/moe_git_clone_external_4048443413981435774/src/com/facebook/buck/cxx/CxxCompile.java...
  [javadoc] Loading source file /tmp/moe_git_clone_external_4048443413981435774/src/com/facebook/buck/cxx/CxxCompileStep.java...
  [javadoc] Loading source file /tmp/moe_git_clone_external_4048443413981435774/src/com/facebook/buck/cxx/CxxDescriptionEnhancer.java...
  [javadoc] Loading source file /tmp/moe_git_clone_external_4048443413981435774/src/com/facebook/buck/cxx/CxxHeader.java...
  [javadoc] Loading source file /tmp/moe_git_clone_external_4048443413981435774/src/com/facebook/buck/cxx/CxxHeaderSourceSpec.java...
  [javadoc] Loading source file /tmp/moe_git_clone_external_4048443413981435774/src/com/facebook/buck/cxx/CxxLibrary.java...
  [javadoc] Loading source file /tmp/moe_git_clone_external_4048443413981435774/src/com/facebook/buck/cxx/CxxLibraryDescription.java...
  [javadoc] Loading source file /tmp/moe_git_clone_external_4048443413981435774/src/com/facebook/buck/cxx/CxxLink.java...
  [javadoc] Loading source file /tmp/moe_git_clone_external_4048443413981435774/src/com/facebook/buck/cxx/CxxLinkStep.java...
  [javadoc] Loading source file /tmp/moe_git_clone_external_4048443413981435774/src/com/facebook/buck/cxx/CxxLinkableEnhancer.java...
  [javadoc] Loading source file /tmp/moe_git_clone_external_4048443413981435774/src/com/facebook/buck/cxx/CxxLinkables.java...
  [javadoc] Loading source file /tmp/moe_git_clone_external_4048443413981435774/src/com/facebook/buck/cxx/CxxPreprocessables.java...
  [javadoc] Loading source file /tmp/moe_git_clone_external_4048443413981435774/src/com/facebook/buck/cxx/CxxPreprocessorDep.java...
  [javadoc] Loading source file /tmp/moe_git_clone_external_4048443413981435774/src/com/facebook/buck/cxx/CxxPreprocessorInput.java...
  [javadoc] Loading source file /tmp/moe_git_clone_external_4048443413981435774/src/com/facebook/buck/cxx/CxxSource.java...
  [javadoc] Loading source file /tmp/moe_git_clone_external_4048443413981435774/src/com/facebook/buck/cxx/NativeLinkable.java...
  [javadoc] Loading source file /tmp/moe_git_clone_external_4048443413981435774/src/com/facebook/buck/cxx/NativeLinkableInput.java...
  [javadoc] Loading source file /tmp/moe_git_clone_external_4048443413981435774/src/com/facebook/buck/dalvik/CanaryFactory.java...
  [javadoc] Loading source file /tmp/moe_git_clone_external_4048443413981435774/src/com/facebook/buck/dalvik/DalvikAwareOutputStreamHelper.java...
  [javadoc] Loading source file /tmp/moe_git_clone_external_4048443413981435774/src/com/facebook/buck/dalvik/DalvikAwareZipSplitter.java...
  [javadoc] Loading source file /tmp/moe_git_clone_external_4048443413981435774/src/com/facebook/buck/dalvik/DalvikAwareZipSplitterFactory.java...
  [javadoc] Loading source file /tmp/moe_git_clone_external_4048443413981435774/src/com/facebook/buck/dalvik/DalvikStatsCache.java...
  [javadoc] Loading source file /tmp/moe_git_clone_external_4048443413981435774/src/com/facebook/buck/dalvik/DalvikStatsTool.java...
  [javadoc] Loading source file /tmp/moe_git_clone_external_4048443413981435774/src/com/facebook/buck/dalvik/DefaultZipOutputStreamHelper.java...
  [javadoc] Loading source file /tmp/moe_git_clone_external_4048443413981435774/src/com/facebook/buck/dalvik/DefaultZipSplitter.java...
  [javadoc] Loading source file /tmp/moe_git_clone_external_4048443413981435774/src/com/facebook/buck/dalvik/DefaultZipSplitterFactory.java...
  [javadoc] Loading source file /tmp/moe_git_clone_external_4048443413981435774/src/com/facebook/buck/dalvik/EstimateLinearAllocStep.java...
  [javadoc] Loading source file /tmp/moe_git_clone_external_4048443413981435774/src/com/facebook/buck/dalvik/SecondaryDexHelper.java...
  [javadoc] Loading source file /tmp/moe_git_clone_external_4048443413981435774/src/com/facebook/buck/dalvik/ZipOutputStreamHelper.java...
  [javadoc] Loading source file /tmp/moe_git_clone_external_4048443413981435774/src/com/facebook/buck/dalvik/ZipSplitter.java...
  [javadoc] Loading source file /tmp/moe_git_clone_external_4048443413981435774/src/com/facebook/buck/dalvik/ZipSplitterFactory.java...
  [javadoc] Loading source file /tmp/moe_git_clone_external_4048443413981435774/src/com/facebook/buck/dalvik/firstorder/FirstOrderAnnotationVisitor.java...
  [javadoc] Loading source file /tmp/moe_git_clone_external_4048443413981435774/src/com/facebook/buck/dalvik/firstorder/FirstOrderClassVisitor.java...
  [javadoc] Loading source file /tmp/moe_git_clone_external_4048443413981435774/src/com/facebook/buck/dalvik/firstorder/FirstOrderFieldVisitor.java...
  [javadoc] Loading source file /tmp/moe_git_clone_external_4048443413981435774/src/com/facebook/buck/dalvik/firstorder/FirstOrderHelper.java...
  [javadoc] Loading source file /tmp/moe_git_clone_external_4048443413981435774/src/com/facebook/buck/dalvik/firstorder/FirstOrderMethodVisitor.java...
  [javadoc] Loading source file /tmp/moe_git_clone_external_4048443413981435774/src/com/facebook/buck/dalvik/firstorder/FirstOrderTypeInfo.java...
  [javadoc] Loading source file /tmp/moe_git_clone_external_4048443413981435774/src/com/facebook/buck/dalvik/firstorder/FirstOrderVisitorContext.java...
  [javadoc] Loading source file /tmp/moe_git_clone_external_4048443413981435774/src/com/facebook/buck/event/AbstractBuckEvent.java...
  [javadoc] Loading source file /tmp/moe_git_clone_external_4048443413981435774/src/com/facebook/buck/event/BuckEvent.java...
  [javadoc] Loading source file /tmp/moe_git_clone_external_4048443413981435774/src/com/facebook/buck/event/BuckEventBus.java...
  [javadoc] Loading source file /tmp/moe_git_clone_external_4048443413981435774/src/com/facebook/buck/event/BuckEventListener.java...
  [javadoc] Loading source file /tmp/moe_git_clone_external_4048443413981435774/src/com/facebook/buck/event/ChromeTraceEvent.java...
  [javadoc] Loading source file /tmp/moe_git_clone_external_4048443413981435774/src/com/facebook/buck/event/ConsoleEvent.java...
  [javadoc] Loading source file /tmp/moe_git_clone_external_4048443413981435774/src/com/facebook/buck/event/LeafEvent.java...
  [javadoc] Loading source file /tmp/moe_git_clone_external_4048443413981435774/src/com/facebook/buck/event/MissingSymbolEvent.java...
  [javadoc] Loading source file /tmp/moe_git_clone_external_4048443413981435774/src/com/facebook/buck/event/ThrowableConsoleEvent.java...
  [javadoc] Loading source file /tmp/moe_git_clone_external_4048443413981435774/src/com/facebook/buck/event/TraceEvent.java...
  [javadoc] Loading source file /tmp/moe_git_clone_external_4048443413981435774/src/com/facebook/buck/event/TraceEventLogger.java...
  [javadoc] Loading source file /tmp/moe_git_clone_external_4048443413981435774/src/com/facebook/buck/event/listener/AbstractConsoleEventBusListener.java...
  [javadoc] Loading source file /tmp/moe_git_clone_external_4048443413981435774/src/com/facebook/buck/event/listener/ChromeTraceBuildListener.java...
  [javadoc] Loading source file /tmp/moe_git_clone_external_4048443413981435774/src/com/facebook/buck/event/listener/FileSerializationEventBusListener.java...
  [javadoc] Loading source file /tmp/moe_git_clone_external_4048443413981435774/src/com/facebook/buck/event/listener/JavaUtilsLoggingBuildListener.java...
  [javadoc] Loading source file /tmp/moe_git_clone_external_4048443413981435774/src/com/facebook/buck/event/listener/LoggingBuildListener.java...
  [javadoc] Loading source file /tmp/moe_git_clone_external_4048443413981435774/src/com/facebook/buck/event/listener/SimpleConsoleEventBusListener.java...
  [javadoc] Loading source file /tmp/moe_git_clone_external_4048443413981435774/src/com/facebook/buck/event/listener/SuperConsoleEventBusListener.java...
  [javadoc] Loading source file /tmp/moe_git_clone_external_4048443413981435774/src/com/facebook/buck/event/listener/TestResultFormatter.java...
  [javadoc] Loading source file /tmp/moe_git_clone_external_4048443413981435774/src/com/facebook/buck/extension/BuckExtension.java...
  [javadoc] Loading source file /tmp/moe_git_clone_external_4048443413981435774/src/com/facebook/buck/extension/BuckExtensionDescription.java...
  [javadoc] Loading source file /tmp/moe_git_clone_external_4048443413981435774/src/com/facebook/buck/graph/AbstractAcyclicDepthFirstPostOrderTraversal.java...
  [javadoc] Loading source file /tmp/moe_git_clone_external_4048443413981435774/src/com/facebook/buck/graph/AbstractBottomUpTraversal.java...
  [javadoc] Loading source file /tmp/moe_git_clone_external_4048443413981435774/src/com/facebook/buck/graph/DefaultImmutableDirectedAcyclicGraph.java...
  [javadoc] Loading source file /tmp/moe_git_clone_external_4048443413981435774/src/com/facebook/buck/graph/Dot.java...
  [javadoc] Loading source file /tmp/moe_git_clone_external_4048443413981435774/src/com/facebook/buck/graph/ImmutableDirectedAcyclicGraph.java...
  [javadoc] Loading source file /tmp/moe_git_clone_external_4048443413981435774/src/com/facebook/buck/graph/MutableDirectedGraph.java...
  [javadoc] Loading source file /tmp/moe_git_clone_external_4048443413981435774/src/com/facebook/buck/graph/TopologicalSort.java...
  [javadoc] Loading source file /tmp/moe_git_clone_external_4048443413981435774/src/com/facebook/buck/graph/TraversableGraph.java...
  [javadoc] Loading source file /tmp/moe_git_clone_external_4048443413981435774/src/com/facebook/buck/gwt/GwtBinary.java...
  [javadoc] Loading source file /tmp/moe_git_clone_external_4048443413981435774/src/com/facebook/buck/gwt/GwtBinaryDescription.java...
  [javadoc] Loading source file /tmp/moe_git_clone_external_4048443413981435774/src/com/facebook/buck/httpserver/AbstractTemplateHandlerDelegate.java...
  [javadoc] Loading source file /tmp/moe_git_clone_external_4048443413981435774/src/com/facebook/buck/httpserver/IndexHandlerDelegate.java...
  [javadoc] Loading source file /tmp/moe_git_clone_external_4048443413981435774/src/com/facebook/buck/httpserver/Responses.java...
  [javadoc] Loading source file /tmp/moe_git_clone_external_4048443413981435774/src/com/facebook/buck/httpserver/StreamingWebSocketServlet.java...
  [javadoc] Loading source file /tmp/moe_git_clone_external_4048443413981435774/src/com/facebook/buck/httpserver/TemplateHandler.java...
  [javadoc] Loading source file /tmp/moe_git_clone_external_4048443413981435774/src/com/facebook/buck/httpserver/TemplateHandlerDelegate.java...
  [javadoc] Loading source file /tmp/moe_git_clone_external_4048443413981435774/src/com/facebook/buck/httpserver/TraceDataHandler.java...
  [javadoc] Loading source file /tmp/moe_git_clone_external_4048443413981435774/src/com/facebook/buck/httpserver/TraceHandlerDelegate.java...
  [javadoc] Loading source file /tmp/moe_git_clone_external_4048443413981435774/src/com/facebook/buck/httpserver/TracesHandlerDelegate.java...
  [javadoc] Loading source file /tmp/moe_git_clone_external_4048443413981435774/src/com/facebook/buck/httpserver/TracesHelper.java...
  [javadoc] Loading source file /tmp/moe_git_clone_external_4048443413981435774/src/com/facebook/buck/httpserver/WebServer.java...
  [javadoc] Loading source file /tmp/moe_git_clone_external_4048443413981435774/src/com/facebook/buck/httpserver/WebServerBuckEventListener.java...
  [javadoc] Loading source file /tmp/moe_git_clone_external_4048443413981435774/src/com/facebook/buck/java/AbiWritingAnnotationProcessingDataDecorator.java...
  [javadoc] Loading source file /tmp/moe_git_clone_external_4048443413981435774/src/com/facebook/buck/java/AccumulateClassNamesStep.java...
  [javadoc] Loading source file /tmp/moe_git_clone_external_4048443413981435774/src/com/facebook/buck/java/AnnotationProcessingDataDecorator.java...
  [javadoc] Loading source file /tmp/moe_git_clone_external_4048443413981435774/src/com/facebook/buck/java/AnnotationProcessingDataDecorators.java...
  [javadoc] Loading source file /tmp/moe_git_clone_external_4048443413981435774/src/com/facebook/buck/java/AnnotationProcessingParams.java...
  [javadoc] Loading source file /tmp/moe_git_clone_external_4048443413981435774/src/com/facebook/buck/java/Classpaths.java...
  [javadoc] Loading source file /tmp/moe_git_clone_external_4048443413981435774/src/com/facebook/buck/java/CopyResourcesStep.java...
  [javadoc] Loading source file /tmp/moe_git_clone_external_4048443413981435774/src/com/facebook/buck/java/DefaultJavaLibrary.java...
  [javadoc] Loading source file /tmp/moe_git_clone_external_4048443413981435774/src/com/facebook/buck/java/DefaultJavaPackageFinder.java...
  [javadoc] Loading source file /tmp/moe_git_clone_external_4048443413981435774/src/com/facebook/buck/java/ExternalJavacStep.java...
  [javadoc] Loading source file /tmp/moe_git_clone_external_4048443413981435774/src/com/facebook/buck/java/GenerateCodeCoverageReportStep.java...
  [javadoc] Loading source file /tmp/moe_git_clone_external_4048443413981435774/src/com/facebook/buck/java/GwtModule.java...
  [javadoc] Loading source file /tmp/moe_git_clone_external_4048443413981435774/src/com/facebook/buck/java/HasClasspathEntries.java...
  [javadoc] Loading source file /tmp/moe_git_clone_external_4048443413981435774/src/com/facebook/buck/java/HasJavaAbi.java...
  [javadoc] Loading source file /tmp/moe_git_clone_external_4048443413981435774/src/com/facebook/buck/java/HasJavaClassHashes.java...
  [javadoc] Loading source file /tmp/moe_git_clone_external_4048443413981435774/src/com/facebook/buck/java/JUnitStep.java...
  [javadoc] Loading source file /tmp/moe_git_clone_external_4048443413981435774/src/com/facebook/buck/java/JarDirectoryStep.java...
  [javadoc] Loading source file /tmp/moe_git_clone_external_4048443413981435774/src/com/facebook/buck/java/JavaBinary.java...
  [javadoc] Loading source file /tmp/moe_git_clone_external_4048443413981435774/src/com/facebook/buck/java/JavaBinaryDescription.java...
  [javadoc] Loading source file /tmp/moe_git_clone_external_4048443413981435774/src/com/facebook/buck/java/JavaBuckConfig.java...
  [javadoc] Loading source file /tmp/moe_git_clone_external_4048443413981435774/src/com/facebook/buck/java/JavaCompilerEnvironment.java...
  [javadoc] Loading source file /tmp/moe_git_clone_external_4048443413981435774/src/com/facebook/buck/java/JavaFileParser.java...
  [javadoc] Loading source file /tmp/moe_git_clone_external_4048443413981435774/src/com/facebook/buck/java/JavaLibrary.java...
  [javadoc] Loading source file /tmp/moe_git_clone_external_4048443413981435774/src/com/facebook/buck/java/JavaLibraryClasspathProvider.java...
  [javadoc] Loading source file /tmp/moe_git_clone_external_4048443413981435774/src/com/facebook/buck/java/JavaLibraryDescription.java...
  [javadoc] Loading source file /tmp/moe_git_clone_external_4048443413981435774/src/com/facebook/buck/java/JavaLibraryRules.java...
  [javadoc] Loading source file /tmp/moe_git_clone_external_4048443413981435774/src/com/facebook/buck/java/JavaPackageFinder.java...
  [javadoc] Loading source file /tmp/moe_git_clone_external_4048443413981435774/src/com/facebook/buck/java/JavaSourceJar.java...
  [javadoc] Loading source file /tmp/moe_git_clone_external_4048443413981435774/src/com/facebook/buck/java/JavaSymbolFinder.java...
  [javadoc] Loading source file /tmp/moe_git_clone_external_4048443413981435774/src/com/facebook/buck/java/JavaTest.java...
  [javadoc] Loading source file /tmp/moe_git_clone_external_4048443413981435774/src/com/facebook/buck/java/JavaTestDescription.java...
  [javadoc] Loading source file /tmp/moe_git_clone_external_4048443413981435774/src/com/facebook/buck/java/JavacErrorParser.java...
  [javadoc] Loading source file /tmp/moe_git_clone_external_4048443413981435774/src/com/facebook/buck/java/JavacInMemoryStep.java...
  [javadoc] Loading source file /tmp/moe_git_clone_external_4048443413981435774/src/com/facebook/buck/java/JavacOptions.java...
  [javadoc] Loading source file /tmp/moe_git_clone_external_4048443413981435774/src/com/facebook/buck/java/JavacStep.java...
  [javadoc] Loading source file /tmp/moe_git_clone_external_4048443413981435774/src/com/facebook/buck/java/JavacStepUtil.java...
  [javadoc] Loading source file /tmp/moe_git_clone_external_4048443413981435774/src/com/facebook/buck/java/JavacVersion.java...
  [javadoc] Loading source file /tmp/moe_git_clone_external_4048443413981435774/src/com/facebook/buck/java/Keystore.java...
  [javadoc] Loading source file /tmp/moe_git_clone_external_4048443413981435774/src/com/facebook/buck/java/KeystoreDescription.java...
  [javadoc] Loading source file /tmp/moe_git_clone_external_4048443413981435774/src/com/facebook/buck/java/PrebuiltJar.java...
  [javadoc] Loading source file /tmp/moe_git_clone_external_4048443413981435774/src/com/facebook/buck/java/PrebuiltJarDescription.java...
  [javadoc] Loading source file /tmp/moe_git_clone_external_4048443413981435774/src/com/facebook/buck/java/ResourcesRootPackageFinder.java...
  [javadoc] Loading source file /tmp/moe_git_clone_external_4048443413981435774/src/com/facebook/buck/java/SrcRootsFinder.java...
  [javadoc] Loading source file /tmp/moe_git_clone_external_4048443413981435774/src/com/facebook/buck/java/ZipEntryJavaFileObject.java...
  [javadoc] Loading source file /tmp/moe_git_clone_external_4048443413981435774/src/com/facebook/buck/java/abi/AbiWriter.java...
  [javadoc] Loading source file /tmp/moe_git_clone_external_4048443413981435774/src/com/facebook/buck/java/abi/AbiWriterProtocol.java...
  [javadoc] Loading source file /tmp/moe_git_clone_external_4048443413981435774/src/com/facebook/buck/java/abi/Annotations.java...
  [javadoc] Loading source file /tmp/moe_git_clone_external_4048443413981435774/src/com/facebook/buck/java/abi/ConstructorSummary.java...
  [javadoc] Loading source file /tmp/moe_git_clone_external_4048443413981435774/src/com/facebook/buck/java/abi/EmptySummary.java...
  [javadoc] Loading source file /tmp/moe_git_clone_external_4048443413981435774/src/com/facebook/buck/java/abi/EnumConstantSummary.java...
  [javadoc] Loading source file /tmp/moe_git_clone_external_4048443413981435774/src/com/facebook/buck/java/abi/FieldSummary.java...
  [javadoc] Loading source file /tmp/moe_git_clone_external_4048443413981435774/src/com/facebook/buck/java/abi/Joiner.java...
  [javadoc] Loading source file /tmp/moe_git_clone_external_4048443413981435774/src/com/facebook/buck/java/abi/MethodSummary.java...
  [javadoc] Loading source file /tmp/moe_git_clone_external_4048443413981435774/src/com/facebook/buck/java/abi/Modifiers.java...
  [javadoc] Loading source file /tmp/moe_git_clone_external_4048443413981435774/src/com/facebook/buck/java/abi/Parameters.java...
  [javadoc] Loading source file /tmp/moe_git_clone_external_4048443413981435774/src/com/facebook/buck/java/abi/Renderable.java...
  [javadoc] Loading source file /tmp/moe_git_clone_external_4048443413981435774/src/com/facebook/buck/java/abi/RenderableTypes.java...
  [javadoc] Loading source file /tmp/moe_git_clone_external_4048443413981435774/src/com/facebook/buck/java/abi/TypeSummary.java...
  [javadoc] Loading source file /tmp/moe_git_clone_external_4048443413981435774/src/com/facebook/buck/java/classes/AbstractFileLike.java...
  [javadoc] Loading source file /tmp/moe_git_clone_external_4048443413981435774/src/com/facebook/buck/java/classes/ClasspathTraversal.java...
  [javadoc] Loading source file /tmp/moe_git_clone_external_4048443413981435774/src/com/facebook/buck/java/classes/ClasspathTraverser.java...
  [javadoc] Loading source file /tmp/moe_git_clone_external_4048443413981435774/src/com/facebook/buck/java/classes/DefaultClasspathTraverser.java...
  [javadoc] Loading source file /tmp/moe_git_clone_external_4048443413981435774/src/com/facebook/buck/java/classes/FileLike.java...
  [javadoc] Loading source file /tmp/moe_git_clone_external_4048443413981435774/src/com/facebook/buck/java/classes/FileLikeCharSource.java...
  [javadoc] Loading source file /tmp/moe_git_clone_external_4048443413981435774/src/com/facebook/buck/java/classes/FileLikes.java...
  [javadoc] Loading source file /tmp/moe_git_clone_external_4048443413981435774/src/com/facebook/buck/json/BuildFileParseException.java...
  [javadoc] Loading source file /tmp/moe_git_clone_external_4048443413981435774/src/com/facebook/buck/json/BuildFileToJsonParser.java...
  [javadoc] Loading source file /tmp/moe_git_clone_external_4048443413981435774/src/com/facebook/buck/json/DefaultProjectBuildFileParserFactory.java...
  [javadoc] Loading source file /tmp/moe_git_clone_external_4048443413981435774/src/com/facebook/buck/json/ProjectBuildFileParser.java...
  [javadoc] Loading source file /tmp/moe_git_clone_external_4048443413981435774/src/com/facebook/buck/json/ProjectBuildFileParserFactory.java...
  [javadoc] Loading source file /tmp/moe_git_clone_external_4048443413981435774/src/com/facebook/buck/json/RawParser.java...
  [javadoc] Loading source file /tmp/moe_git_clone_external_4048443413981435774/src/com/facebook/buck/junit/BuckBlockJUnit4ClassRunner.java...
  [javadoc] Loading source file /tmp/moe_git_clone_external_4048443413981435774/src/com/facebook/buck/junit/DelegateRunNotifier.java...
  [javadoc] Loading source file /tmp/moe_git_clone_external_4048443413981435774/src/com/facebook/buck/junit/DelegateRunnerWithTimeout.java...
  [javadoc] Loading source file /tmp/moe_git_clone_external_4048443413981435774/src/com/facebook/buck/junit/JUnitRunner.java...
  [javadoc] Loading source file /tmp/moe_git_clone_external_4048443413981435774/src/com/facebook/buck/junit/ParsedDescription.java...
  [javadoc] Loading source file /tmp/moe_git_clone_external_4048443413981435774/src/com/facebook/buck/junit/TestResult.java...
  [javadoc] Loading source file /tmp/moe_git_clone_external_4048443413981435774/src/com/facebook/buck/log/CommandThreadAssociation.java...
  [javadoc] Loading source file /tmp/moe_git_clone_external_4048443413981435774/src/com/facebook/buck/log/CommandThreadFactory.java...
  [javadoc] Loading source file /tmp/moe_git_clone_external_4048443413981435774/src/com/facebook/buck/log/ConsoleHandler.java...
  [javadoc] Loading source file /tmp/moe_git_clone_external_4048443413981435774/src/com/facebook/buck/log/GlobalState.java...
  [javadoc] Loading source file /tmp/moe_git_clone_external_4048443413981435774/src/com/facebook/buck/log/LogConfig.java...
  [javadoc] Loading source file /tmp/moe_git_clone_external_4048443413981435774/src/com/facebook/buck/log/LogConfigPaths.java...
  [javadoc] Loading source file /tmp/moe_git_clone_external_4048443413981435774/src/com/facebook/buck/log/LogFormatter.java...
  [javadoc] Loading source file /tmp/moe_git_clone_external_4048443413981435774/src/com/facebook/buck/log/Logger.java...
  [javadoc] Loading source file /tmp/moe_git_clone_external_4048443413981435774/src/com/facebook/buck/model/BuildFileTree.java...
  [javadoc] Loading source file /tmp/moe_git_clone_external_4048443413981435774/src/com/facebook/buck/model/BuildId.java...
  [javadoc] Loading source file /tmp/moe_git_clone_external_4048443413981435774/src/com/facebook/buck/model/BuildTarget.java...
  [javadoc] Loading source file /tmp/moe_git_clone_external_4048443413981435774/src/com/facebook/buck/model/BuildTargetException.java...
  [javadoc] Loading source file /tmp/moe_git_clone_external_4048443413981435774/src/com/facebook/buck/model/BuildTargetPattern.java...
  [javadoc] Loading source file /tmp/moe_git_clone_external_4048443413981435774/src/com/facebook/buck/model/BuildTargets.java...
  [javadoc] Loading source file /tmp/moe_git_clone_external_4048443413981435774/src/com/facebook/buck/model/FilesystemBackedBuildFileTree.java...
  [javadoc] Loading source file /tmp/moe_git_clone_external_4048443413981435774/src/com/facebook/buck/model/Flavor.java...
  [javadoc] Loading source file /tmp/moe_git_clone_external_4048443413981435774/src/com/facebook/buck/model/Flavored.java...
  [javadoc] Loading source file /tmp/moe_git_clone_external_4048443413981435774/src/com/facebook/buck/model/HasBuildTarget.java...
  [javadoc] Loading source file /tmp/moe_git_clone_external_4048443413981435774/src/com/facebook/buck/model/HasOutputName.java...
  [javadoc] Loading source file /tmp/moe_git_clone_external_4048443413981435774/src/com/facebook/buck/model/ImmediateDirectoryBuildTargetPattern.java...
  [javadoc] Loading source file /tmp/moe_git_clone_external_4048443413981435774/src/com/facebook/buck/model/InMemoryBuildFileTree.java...
  [javadoc] Loading source file /tmp/moe_git_clone_external_4048443413981435774/src/com/facebook/buck/model/SingletonBuildTargetPattern.java...
  [javadoc] Loading source file /tmp/moe_git_clone_external_4048443413981435774/src/com/facebook/buck/model/SubdirectoryBuildTargetPattern.java...
  [javadoc] Loading source file /tmp/moe_git_clone_external_4048443413981435774/src/com/facebook/buck/parcelable/GenParcelable.java...
  [javadoc] Loading source file /tmp/moe_git_clone_external_4048443413981435774/src/com/facebook/buck/parcelable/GenParcelableDescription.java...
  [javadoc] Loading source file /tmp/moe_git_clone_external_4048443413981435774/src/com/facebook/buck/parcelable/Generator.java...
  [javadoc] Loading source file /tmp/moe_git_clone_external_4048443413981435774/src/com/facebook/buck/parcelable/ParcelableClass.java...
  [javadoc] Loading source file /tmp/moe_git_clone_external_4048443413981435774/src/com/facebook/buck/parcelable/ParcelableField.java...
  [javadoc] Loading source file /tmp/moe_git_clone_external_4048443413981435774/src/com/facebook/buck/parcelable/Parser.java...
  [javadoc] Loading source file /tmp/moe_git_clone_external_4048443413981435774/src/com/facebook/buck/parcelable/PrintfStringBuilder.java...
  [javadoc] Loading source file /tmp/moe_git_clone_external_4048443413981435774/src/com/facebook/buck/parser/AssociatedRulePredicate.java...
  [javadoc] Loading source file /tmp/moe_git_clone_external_4048443413981435774/src/com/facebook/buck/parser/AssociatedRulePredicates.java...
  [javadoc] Loading source file /tmp/moe_git_clone_external_4048443413981435774/src/com/facebook/buck/parser/BuildTargetParseException.java...
  [javadoc] Loading source file /tmp/moe_git_clone_external_4048443413981435774/src/com/facebook/buck/parser/BuildTargetParser.java...
  [javadoc] Loading source file /tmp/moe_git_clone_external_4048443413981435774/src/com/facebook/buck/parser/BuildTargetPatternParser.java...
  [javadoc] Loading source file /tmp/moe_git_clone_external_4048443413981435774/src/com/facebook/buck/parser/NoSuchBuildTargetException.java...
  [javadoc] Loading source file /tmp/moe_git_clone_external_4048443413981435774/src/com/facebook/buck/parser/ParseContext.java...
  [javadoc] Loading source file /tmp/moe_git_clone_external_4048443413981435774/src/com/facebook/buck/parser/ParseEvent.java...
  [javadoc] Loading source file /tmp/moe_git_clone_external_4048443413981435774/src/com/facebook/buck/parser/Parser.java...
  [javadoc] Loading source file /tmp/moe_git_clone_external_4048443413981435774/src/com/facebook/buck/parser/PartialGraph.java...
  [javadoc] Loading source file /tmp/moe_git_clone_external_4048443413981435774/src/com/facebook/buck/parser/RuleJsonPredicate.java...
  [javadoc] Loading source file /tmp/moe_git_clone_external_4048443413981435774/src/com/facebook/buck/parser/RuleJsonPredicates.java...
  [javadoc] Loading source file /tmp/moe_git_clone_external_4048443413981435774/src/com/facebook/buck/python/PexStep.java...
  [javadoc] Loading source file /tmp/moe_git_clone_external_4048443413981435774/src/com/facebook/buck/python/PythonBinary.java...
  [javadoc] Loading source file /tmp/moe_git_clone_external_4048443413981435774/src/com/facebook/buck/python/PythonBinaryDescription.java...
  [javadoc] Loading source file /tmp/moe_git_clone_external_4048443413981435774/src/com/facebook/buck/python/PythonLibrary.java...
  [javadoc] Loading source file /tmp/moe_git_clone_external_4048443413981435774/src/com/facebook/buck/python/PythonLibraryDescription.java...
  [javadoc] Loading source file /tmp/moe_git_clone_external_4048443413981435774/src/com/facebook/buck/python/PythonPackagable.java...
  [javadoc] Loading source file /tmp/moe_git_clone_external_4048443413981435774/src/com/facebook/buck/python/PythonPackageComponents.java...
  [javadoc] Loading source file /tmp/moe_git_clone_external_4048443413981435774/src/com/facebook/buck/python/PythonTest.java...
  [javadoc] Loading source file /tmp/moe_git_clone_external_4048443413981435774/src/com/facebook/buck/python/PythonTestDescription.java...
  [javadoc] Loading source file /tmp/moe_git_clone_external_4048443413981435774/src/com/facebook/buck/python/PythonUtil.java...
  [javadoc] Loading source file /tmp/moe_git_clone_external_4048443413981435774/src/com/facebook/buck/rules/AbiRule.java...
  [javadoc] Loading source file /tmp/moe_git_clone_external_4048443413981435774/src/com/facebook/buck/rules/AbstractBuildRule.java...
  [javadoc] Loading source file /tmp/moe_git_clone_external_4048443413981435774/src/com/facebook/buck/rules/AbstractDependencyVisitor.java...
  [javadoc] Loading source file /tmp/moe_git_clone_external_4048443413981435774/src/com/facebook/buck/rules/AbstractSourcePath.java...
  [javadoc] Loading source file /tmp/moe_git_clone_external_4048443413981435774/src/com/facebook/buck/rules/ActionGraph.java...
  [javadoc] Loading source file /tmp/moe_git_clone_external_4048443413981435774/src/com/facebook/buck/rules/AnnotationProcessingData.java...
  [javadoc] Loading source file /tmp/moe_git_clone_external_4048443413981435774/src/com/facebook/buck/rules/ArtifactCache.java...
  [javadoc] Loading source file /tmp/moe_git_clone_external_4048443413981435774/src/com/facebook/buck/rules/ArtifactCacheConnectEvent.java...
  [javadoc] Loading source file /tmp/moe_git_clone_external_4048443413981435774/src/com/facebook/buck/rules/ArtifactCacheEvent.java...
  [javadoc] Loading source file /tmp/moe_git_clone_external_4048443413981435774/src/com/facebook/buck/rules/BinaryBuildRule.java...
  [javadoc] Loading source file /tmp/moe_git_clone_external_4048443413981435774/src/com/facebook/buck/rules/BuckPyFunction.java...
  [javadoc] Loading source file /tmp/moe_git_clone_external_4048443413981435774/src/com/facebook/buck/rules/BuildContext.java...
  [javadoc] Loading source file /tmp/moe_git_clone_external_4048443413981435774/src/com/facebook/buck/rules/BuildDependencies.java...
  [javadoc] Loading source file /tmp/moe_git_clone_external_4048443413981435774/src/com/facebook/buck/rules/BuildEngine.java...
  [javadoc] Loading source file /tmp/moe_git_clone_external_4048443413981435774/src/com/facebook/buck/rules/BuildEvent.java...
  [javadoc] Loading source file /tmp/moe_git_clone_external_4048443413981435774/src/com/facebook/buck/rules/BuildInfo.java...
  [javadoc] Loading source file /tmp/moe_git_clone_external_4048443413981435774/src/com/facebook/buck/rules/BuildInfoRecorder.java...
  [javadoc] Loading source file /tmp/moe_git_clone_external_4048443413981435774/src/com/facebook/buck/rules/BuildOutputInitializer.java...
  [javadoc] Loading source file /tmp/moe_git_clone_external_4048443413981435774/src/com/facebook/buck/rules/BuildResult.java...
  [javadoc] Loading source file /tmp/moe_git_clone_external_4048443413981435774/src/com/facebook/buck/rules/BuildRule.java...
  [javadoc] Loading source file /tmp/moe_git_clone_external_4048443413981435774/src/com/facebook/buck/rules/BuildRuleBuilder.java...
  [javadoc] Loading source file /tmp/moe_git_clone_external_4048443413981435774/src/com/facebook/buck/rules/BuildRuleBuilderParams.java...
  [javadoc] Loading source file /tmp/moe_git_clone_external_4048443413981435774/src/com/facebook/buck/rules/BuildRuleEvent.java...
  [javadoc] Loading source file /tmp/moe_git_clone_external_4048443413981435774/src/com/facebook/buck/rules/BuildRuleFactory.java...
  [javadoc] Loading source file /tmp/moe_git_clone_external_4048443413981435774/src/com/facebook/buck/rules/BuildRuleFactoryParams.java...
  [javadoc] Loading source file /tmp/moe_git_clone_external_4048443413981435774/src/com/facebook/buck/rules/BuildRuleParams.java...
  [javadoc] Loading source file /tmp/moe_git_clone_external_4048443413981435774/src/com/facebook/buck/rules/BuildRuleResolver.java...
  [javadoc] Loading source file /tmp/moe_git_clone_external_4048443413981435774/src/com/facebook/buck/rules/BuildRuleSourcePath.java...
  [javadoc] Loading source file /tmp/moe_git_clone_external_4048443413981435774/src/com/facebook/buck/rules/BuildRuleStatus.java...
  [javadoc] Loading source file /tmp/moe_git_clone_external_4048443413981435774/src/com/facebook/buck/rules/BuildRuleSuccess.java...
  [javadoc] Loading source file /tmp/moe_git_clone_external_4048443413981435774/src/com/facebook/buck/rules/BuildRuleType.java...
  [javadoc] Loading source file /tmp/moe_git_clone_external_4048443413981435774/src/com/facebook/buck/rules/BuildRules.java...
  [javadoc] Loading source file /tmp/moe_git_clone_external_4048443413981435774/src/com/facebook/buck/rules/BuildableContext.java...
  [javadoc] Loading source file /tmp/moe_git_clone_external_4048443413981435774/src/com/facebook/buck/rules/BuildableParams.java...
  [javadoc] Loading source file /tmp/moe_git_clone_external_4048443413981435774/src/com/facebook/buck/rules/BuildableProperties.java...
  [javadoc] Loading source file /tmp/moe_git_clone_external_4048443413981435774/src/com/facebook/buck/rules/Builder.java...
  [javadoc] Loading source file /tmp/moe_git_clone_external_4048443413981435774/src/com/facebook/buck/rules/CacheResult.java...
  [javadoc] Loading source file /tmp/moe_git_clone_external_4048443413981435774/src/com/facebook/buck/rules/CachingBuildEngine.java...
  [javadoc] Loading source file /tmp/moe_git_clone_external_4048443413981435774/src/com/facebook/buck/rules/CassandraArtifactCache.java...
  [javadoc] Loading source file /tmp/moe_git_clone_external_4048443413981435774/src/com/facebook/buck/rules/ConstructorArg.java...
  [javadoc] Loading source file /tmp/moe_git_clone_external_4048443413981435774/src/com/facebook/buck/rules/ConstructorArgMarshalException.java...
  [javadoc] Loading source file /tmp/moe_git_clone_external_4048443413981435774/src/com/facebook/buck/rules/ConstructorArgMarshaller.java...
  [javadoc] Loading source file /tmp/moe_git_clone_external_4048443413981435774/src/com/facebook/buck/rules/DefaultBuildableContext.java...
  [javadoc] Loading source file /tmp/moe_git_clone_external_4048443413981435774/src/com/facebook/buck/rules/DefaultBuildableParams.java...
  [javadoc] Loading source file /tmp/moe_git_clone_external_4048443413981435774/src/com/facebook/buck/rules/DefaultOnDiskBuildInfo.java...
  [javadoc] Loading source file /tmp/moe_git_clone_external_4048443413981435774/src/com/facebook/buck/rules/DependencyEnhancer.java...
  [javadoc] Loading source file /tmp/moe_git_clone_external_4048443413981435774/src/com/facebook/buck/rules/DescribedRule.java...
  [javadoc] Loading source file /tmp/moe_git_clone_external_4048443413981435774/src/com/facebook/buck/rules/Description.java...
  [javadoc] Loading source file /tmp/moe_git_clone_external_4048443413981435774/src/com/facebook/buck/rules/DirArtifactCache.java...
  [javadoc] Loading source file /tmp/moe_git_clone_external_4048443413981435774/src/com/facebook/buck/rules/ExportDependencies.java...
  [javadoc] Loading source file /tmp/moe_git_clone_external_4048443413981435774/src/com/facebook/buck/rules/FlavorableDescription.java...
  [javadoc] Loading source file /tmp/moe_git_clone_external_4048443413981435774/src/com/facebook/buck/rules/Hint.java...
  [javadoc] Loading source file /tmp/moe_git_clone_external_4048443413981435774/src/com/facebook/buck/rules/HttpArtifactCache.java...
  [javadoc] Loading source file /tmp/moe_git_clone_external_4048443413981435774/src/com/facebook/buck/rules/ImplicitDepsInferringDescription.java...
  [javadoc] Loading source file /tmp/moe_git_clone_external_4048443413981435774/src/com/facebook/buck/rules/IndividualTestEvent.java...
  [javadoc] Loading source file /tmp/moe_git_clone_external_4048443413981435774/src/com/facebook/buck/rules/InitializableFromDisk.java...
  [javadoc] Loading source file /tmp/moe_git_clone_external_4048443413981435774/src/com/facebook/buck/rules/InstallableApk.java...
  [javadoc] Loading source file /tmp/moe_git_clone_external_4048443413981435774/src/com/facebook/buck/rules/KnownBuildRuleTypes.java...
  [javadoc] Loading source file /tmp/moe_git_clone_external_4048443413981435774/src/com/facebook/buck/rules/Label.java...
  [javadoc] Loading source file /tmp/moe_git_clone_external_4048443413981435774/src/com/facebook/buck/rules/LoggingArtifactCacheDecorator.java...
  [javadoc] Loading source file /tmp/moe_git_clone_external_4048443413981435774/src/com/facebook/buck/rules/MultiArtifactCache.java...
  [javadoc] Loading source file /tmp/moe_git_clone_external_4048443413981435774/src/com/facebook/buck/rules/NoopArtifactCache.java...
  [javadoc] Loading source file /tmp/moe_git_clone_external_4048443413981435774/src/com/facebook/buck/rules/OnDiskBuildInfo.java...
  [javadoc] Loading source file /tmp/moe_git_clone_external_4048443413981435774/src/com/facebook/buck/rules/OutputOnlyBuildRule.java...
  [javadoc] Loading source file /tmp/moe_git_clone_external_4048443413981435774/src/com/facebook/buck/rules/ParamInfo.java...
  [javadoc] Loading source file /tmp/moe_git_clone_external_4048443413981435774/src/com/facebook/buck/rules/ParamInfoException.java...
  [javadoc] Loading source file /tmp/moe_git_clone_external_4048443413981435774/src/com/facebook/buck/rules/PathSourcePath.java...
  [javadoc] Loading source file /tmp/moe_git_clone_external_4048443413981435774/src/com/facebook/buck/rules/ProjectConfig.java...
  [javadoc] Loading source file /tmp/moe_git_clone_external_4048443413981435774/src/com/facebook/buck/rules/ProjectConfigDescription.java...
  [javadoc] Loading source file /tmp/moe_git_clone_external_4048443413981435774/src/com/facebook/buck/rules/RecordFileSha1Step.java...
  [javadoc] Loading source file /tmp/moe_git_clone_external_4048443413981435774/src/com/facebook/buck/rules/Repository.java...
  [javadoc] Loading source file /tmp/moe_git_clone_external_4048443413981435774/src/com/facebook/buck/rules/RepositoryFactory.java...
  [javadoc] Loading source file /tmp/moe_git_clone_external_4048443413981435774/src/com/facebook/buck/rules/RuleKey.java...
  [javadoc] Loading source file /tmp/moe_git_clone_external_4048443413981435774/src/com/facebook/buck/rules/RuleKeyBuilderFactory.java...
  [javadoc] Loading source file /tmp/moe_git_clone_external_4048443413981435774/src/com/facebook/buck/rules/Sha1HashCode.java...
  [javadoc] Loading source file /tmp/moe_git_clone_external_4048443413981435774/src/com/facebook/buck/rules/SourcePath.java...
  [javadoc] Loading source file /tmp/moe_git_clone_external_4048443413981435774/src/com/facebook/buck/rules/SourcePaths.java...
  [javadoc] Loading source file /tmp/moe_git_clone_external_4048443413981435774/src/com/facebook/buck/rules/SourceRoot.java...
  [javadoc] Loading source file /tmp/moe_git_clone_external_4048443413981435774/src/com/facebook/buck/rules/SymlinkTree.java...
  [javadoc] Loading source file /tmp/moe_git_clone_external_4048443413981435774/src/com/facebook/buck/rules/TargetGraph.java...
  [javadoc] Loading source file /tmp/moe_git_clone_external_4048443413981435774/src/com/facebook/buck/rules/TargetName.java...
  [javadoc] Loading source file /tmp/moe_git_clone_external_4048443413981435774/src/com/facebook/buck/rules/TargetNode.java...
  [javadoc] Loading source file /tmp/moe_git_clone_external_4048443413981435774/src/com/facebook/buck/rules/TargetNodeToBuildRuleTransformer.java...
  [javadoc] Loading source file /tmp/moe_git_clone_external_4048443413981435774/src/com/facebook/buck/rules/TestRule.java...
  [javadoc] Loading source file /tmp/moe_git_clone_external_4048443413981435774/src/com/facebook/buck/rules/TestRunEvent.java...
  [javadoc] Loading source file /tmp/moe_git_clone_external_4048443413981435774/src/com/facebook/buck/rules/coercer/AppleSource.java...
  [javadoc] Loading source file /tmp/moe_git_clone_external_4048443413981435774/src/com/facebook/buck/rules/coercer/AppleSourceTypeCoercer.java...
  [javadoc] Loading source file /tmp/moe_git_clone_external_4048443413981435774/src/com/facebook/buck/rules/coercer/BuildConfigFields.java...
  [javadoc] Loading source file /tmp/moe_git_clone_external_4048443413981435774/src/com/facebook/buck/rules/coercer/BuildConfigFieldsTypeCoercer.java...
  [javadoc] Loading source file /tmp/moe_git_clone_external_4048443413981435774/src/com/facebook/buck/rules/coercer/BuildRuleTypeCoercer.java...
  [javadoc] Loading source file /tmp/moe_git_clone_external_4048443413981435774/src/com/facebook/buck/rules/coercer/BuildTargetTypeCoercer.java...
  [javadoc] Loading source file /tmp/moe_git_clone_external_4048443413981435774/src/com/facebook/buck/rules/coercer/CoerceFailedException.java...
  [javadoc] Loading source file /tmp/moe_git_clone_external_4048443413981435774/src/com/facebook/buck/rules/coercer/CollectionTypeCoercer.java...
  [javadoc] Loading source file /tmp/moe_git_clone_external_4048443413981435774/src/com/facebook/buck/rules/coercer/Either.java...
  [javadoc] Loading source file /tmp/moe_git_clone_external_4048443413981435774/src/com/facebook/buck/rules/coercer/EitherTypeCoercer.java...
  [javadoc] Loading source file /tmp/moe_git_clone_external_4048443413981435774/src/com/facebook/buck/rules/coercer/EnumTypeCoercer.java...
  [javadoc] Loading source file /tmp/moe_git_clone_external_4048443413981435774/src/com/facebook/buck/rules/coercer/IdentityTypeCoercer.java...
  [javadoc] Loading source file /tmp/moe_git_clone_external_4048443413981435774/src/com/facebook/buck/rules/coercer/LabelTypeCoercer.java...
  [javadoc] Loading source file /tmp/moe_git_clone_external_4048443413981435774/src/com/facebook/buck/rules/coercer/LeafTypeCoercer.java...
  [javadoc] Loading source file /tmp/moe_git_clone_external_4048443413981435774/src/com/facebook/buck/rules/coercer/ListTypeCoercer.java...
  [javadoc] Loading source file /tmp/moe_git_clone_external_4048443413981435774/src/com/facebook/buck/rules/coercer/MapTypeCoercer.java...
  [javadoc] Loading source file /tmp/moe_git_clone_external_4048443413981435774/src/com/facebook/buck/rules/coercer/NumberTypeCoercer.java...
  [javadoc] Loading source file /tmp/moe_git_clone_external_4048443413981435774/src/com/facebook/buck/rules/coercer/Pair.java...
  [javadoc] Loading source file /tmp/moe_git_clone_external_4048443413981435774/src/com/facebook/buck/rules/coercer/PairTypeCoercer.java...
  [javadoc] Loading source file /tmp/moe_git_clone_external_4048443413981435774/src/com/facebook/buck/rules/coercer/PathTypeCoercer.java...
  [javadoc] Loading source file /tmp/moe_git_clone_external_4048443413981435774/src/com/facebook/buck/rules/coercer/SetTypeCoercer.java...
  [javadoc] Loading source file /tmp/moe_git_clone_external_4048443413981435774/src/com/facebook/buck/rules/coercer/SortedSetTypeCoercer.java...
  [javadoc] Loading source file /tmp/moe_git_clone_external_4048443413981435774/src/com/facebook/buck/rules/coercer/SourcePathTypeCoercer.java...
  [javadoc] Loading source file /tmp/moe_git_clone_external_4048443413981435774/src/com/facebook/buck/rules/coercer/TypeCoercer.java...
  [javadoc] Loading source file /tmp/moe_git_clone_external_4048443413981435774/src/com/facebook/buck/rules/coercer/TypeCoercerFactory.java...
  [javadoc] Loading source file /tmp/moe_git_clone_external_4048443413981435774/src/com/facebook/buck/shell/AbstractGenruleStep.java...
  [javadoc] Loading source file /tmp/moe_git_clone_external_4048443413981435774/src/com/facebook/buck/shell/BashStep.java...
  [javadoc] Loading source file /tmp/moe_git_clone_external_4048443413981435774/src/com/facebook/buck/shell/DefaultShellStep.java...
  [javadoc] Loading source file /tmp/moe_git_clone_external_4048443413981435774/src/com/facebook/buck/shell/EchoStep.java...
  [javadoc] Loading source file /tmp/moe_git_clone_external_4048443413981435774/src/com/facebook/buck/shell/ExportFile.java...
  [javadoc] Loading source file /tmp/moe_git_clone_external_4048443413981435774/src/com/facebook/buck/shell/ExportFileDescription.java...
  [javadoc] Loading source file /tmp/moe_git_clone_external_4048443413981435774/src/com/facebook/buck/shell/GenerateShellScriptStep.java...
  [javadoc] Loading source file /tmp/moe_git_clone_external_4048443413981435774/src/com/facebook/buck/shell/Genrule.java...
  [javadoc] Loading source file /tmp/moe_git_clone_external_4048443413981435774/src/com/facebook/buck/shell/GenruleDescription.java...
  [javadoc] Loading source file /tmp/moe_git_clone_external_4048443413981435774/src/com/facebook/buck/shell/RunShTestAndRecordResultStep.java...
  [javadoc] Loading source file /tmp/moe_git_clone_external_4048443413981435774/src/com/facebook/buck/shell/ShBinary.java...
  [javadoc] Loading source file /tmp/moe_git_clone_external_4048443413981435774/src/com/facebook/buck/shell/ShBinaryDescription.java...
  [javadoc] Loading source file /tmp/moe_git_clone_external_4048443413981435774/src/com/facebook/buck/shell/ShTest.java...
  [javadoc] Loading source file /tmp/moe_git_clone_external_4048443413981435774/src/com/facebook/buck/shell/ShTestDescription.java...
  [javadoc] Loading source file /tmp/moe_git_clone_external_4048443413981435774/src/com/facebook/buck/shell/ShellStep.java...
  [javadoc] Loading source file /tmp/moe_git_clone_external_4048443413981435774/src/com/facebook/buck/shell/SymlinkFilesIntoDirectoryStep.java...
  [javadoc] Loading source file /tmp/moe_git_clone_external_4048443413981435774/src/com/facebook/buck/step/AbstractExecutionStep.java...
  [javadoc] Loading source file /tmp/moe_git_clone_external_4048443413981435774/src/com/facebook/buck/step/CompositeStep.java...
  [javadoc] Loading source file /tmp/moe_git_clone_external_4048443413981435774/src/com/facebook/buck/step/ConditionalStep.java...
  [javadoc] Loading source file /tmp/moe_git_clone_external_4048443413981435774/src/com/facebook/buck/step/DefaultStepRunner.java...
  [javadoc] Loading source file /tmp/moe_git_clone_external_4048443413981435774/src/com/facebook/buck/step/ExecutionContext.java...
  [javadoc] Loading source file /tmp/moe_git_clone_external_4048443413981435774/src/com/facebook/buck/step/Step.java...
  [javadoc] Loading source file /tmp/moe_git_clone_external_4048443413981435774/src/com/facebook/buck/step/StepEvent.java...
  [javadoc] Loading source file /tmp/moe_git_clone_external_4048443413981435774/src/com/facebook/buck/step/StepFailedException.java...
  [javadoc] Loading source file /tmp/moe_git_clone_external_4048443413981435774/src/com/facebook/buck/step/StepRunner.java...
  [javadoc] Loading source file /tmp/moe_git_clone_external_4048443413981435774/src/com/facebook/buck/step/TargetDevice.java...
  [javadoc] Loading source file /tmp/moe_git_clone_external_4048443413981435774/src/com/facebook/buck/step/fs/CopyStep.java...
  [javadoc] Loading source file /tmp/moe_git_clone_external_4048443413981435774/src/com/facebook/buck/step/fs/MakeCleanDirectoryStep.java...
  [javadoc] Loading source file /tmp/moe_git_clone_external_4048443413981435774/src/com/facebook/buck/step/fs/MkdirAndSymlinkFileStep.java...
  [javadoc] Loading source file /tmp/moe_git_clone_external_4048443413981435774/src/com/facebook/buck/step/fs/MkdirStep.java...
  [javadoc] Loading source file /tmp/moe_git_clone_external_4048443413981435774/src/com/facebook/buck/step/fs/RmStep.java...
  [javadoc] Loading source file /tmp/moe_git_clone_external_4048443413981435774/src/com/facebook/buck/step/fs/SymlinkFileStep.java...
  [javadoc] Loading source file /tmp/moe_git_clone_external_4048443413981435774/src/com/facebook/buck/step/fs/SymlinkTreeStep.java...
  [javadoc] Loading source file /tmp/moe_git_clone_external_4048443413981435774/src/com/facebook/buck/step/fs/TouchStep.java...
  [javadoc] Loading source file /tmp/moe_git_clone_external_4048443413981435774/src/com/facebook/buck/step/fs/WriteFileStep.java...
  [javadoc] Loading source file /tmp/moe_git_clone_external_4048443413981435774/src/com/facebook/buck/step/fs/XzStep.java...
  [javadoc] Loading source file /tmp/moe_git_clone_external_4048443413981435774/src/com/facebook/buck/test/CoverageReportFormat.java...
  [javadoc] Loading source file /tmp/moe_git_clone_external_4048443413981435774/src/com/facebook/buck/test/TestCaseSummary.java...
  [javadoc] Loading source file /tmp/moe_git_clone_external_4048443413981435774/src/com/facebook/buck/test/TestResultSummary.java...
  [javadoc] Loading source file /tmp/moe_git_clone_external_4048443413981435774/src/com/facebook/buck/test/TestResults.java...
  [javadoc] Loading source file /tmp/moe_git_clone_external_4048443413981435774/src/com/facebook/buck/test/XmlTestResultParser.java...
  [javadoc] Loading source file /tmp/moe_git_clone_external_4048443413981435774/src/com/facebook/buck/test/result/groups/TestResultsGrouper.java...
  [javadoc] Loading source file /tmp/moe_git_clone_external_4048443413981435774/src/com/facebook/buck/test/result/type/ResultType.java...
  [javadoc] Loading source file /tmp/moe_git_clone_external_4048443413981435774/src/com/facebook/buck/test/selectors/TestDescription.java...
  [javadoc] Loading source file /tmp/moe_git_clone_external_4048443413981435774/src/com/facebook/buck/test/selectors/TestSelector.java...
  [javadoc] Loading source file /tmp/moe_git_clone_external_4048443413981435774/src/com/facebook/buck/test/selectors/TestSelectorList.java...
  [javadoc] Loading source file /tmp/moe_git_clone_external_4048443413981435774/src/com/facebook/buck/test/selectors/TestSelectorParseException.java...
  [javadoc] Loading source file /tmp/moe_git_clone_external_4048443413981435774/src/com/facebook/buck/thrift/JavaThriftLibrary.java...
  [javadoc] Loading source file /tmp/moe_git_clone_external_4048443413981435774/src/com/facebook/buck/thrift/JavaThriftLibraryDescription.java...
  [javadoc] Loading source file /tmp/moe_git_clone_external_4048443413981435774/src/com/facebook/buck/thrift/ThriftStep.java...
  [javadoc] Loading source file /tmp/moe_git_clone_external_4048443413981435774/src/com/facebook/buck/timing/Clock.java...
  [javadoc] Loading source file /tmp/moe_git_clone_external_4048443413981435774/src/com/facebook/buck/timing/DefaultClock.java...
  [javadoc] Loading source file /tmp/moe_git_clone_external_4048443413981435774/src/com/facebook/buck/tools/dxanalysis/DxAnalysisMain.java...
  [javadoc] Loading source file /tmp/moe_git_clone_external_4048443413981435774/src/com/facebook/buck/tools/dxanalysis/MutabilityAnalyzer.java...
  [javadoc] Loading source file /tmp/moe_git_clone_external_4048443413981435774/src/com/facebook/buck/tools/dxanalysis/RegisterSpecAnalyzer.java...
  [javadoc] Loading source file /tmp/moe_git_clone_external_4048443413981435774/src/com/facebook/buck/tools/dxanalysis/StaticStateAnalyzer.java...
  [javadoc] Loading source file /tmp/moe_git_clone_external_4048443413981435774/src/com/facebook/buck/util/AndroidDirectoryResolver.java...
  [javadoc] Loading source file /tmp/moe_git_clone_external_4048443413981435774/src/com/facebook/buck/util/AndroidManifestReader.java...
  [javadoc] Loading source file /tmp/moe_git_clone_external_4048443413981435774/src/com/facebook/buck/util/AndroidPlatformTarget.java...
  [javadoc] Loading source file /tmp/moe_git_clone_external_4048443413981435774/src/com/facebook/buck/util/Ansi.java...
  [javadoc] Loading source file /tmp/moe_git_clone_external_4048443413981435774/src/com/facebook/buck/util/BlockingHttpEndpoint.java...
  [javadoc] Loading source file /tmp/moe_git_clone_external_4048443413981435774/src/com/facebook/buck/util/BuckConstant.java...
  [javadoc] Loading source file /tmp/moe_git_clone_external_4048443413981435774/src/com/facebook/buck/util/CapturingPrintStream.java...
  [javadoc] Loading source file /tmp/moe_git_clone_external_4048443413981435774/src/com/facebook/buck/util/Console.java...
  [javadoc] Loading source file /tmp/moe_git_clone_external_4048443413981435774/src/com/facebook/buck/util/DefaultAndroidDirectoryResolver.java...
  [javadoc] Loading source file /tmp/moe_git_clone_external_4048443413981435774/src/com/facebook/buck/util/DefaultAndroidManifestReader.java...
  [javadoc] Loading source file /tmp/moe_git_clone_external_4048443413981435774/src/com/facebook/buck/util/DefaultDirectoryTraverser.java...
  [javadoc] Loading source file /tmp/moe_git_clone_external_4048443413981435774/src/com/facebook/buck/util/DefaultFileHashCache.java...
  [javadoc] Loading source file /tmp/moe_git_clone_external_4048443413981435774/src/com/facebook/buck/util/DefaultFilteredDirectoryCopier.java...
  [javadoc] Loading source file /tmp/moe_git_clone_external_4048443413981435774/src/com/facebook/buck/util/DefaultPropertyFinder.java...
  [javadoc] Loading source file /tmp/moe_git_clone_external_4048443413981435774/src/com/facebook/buck/util/DirectoryTraversal.java...
  [javadoc] Loading source file /tmp/moe_git_clone_external_4048443413981435774/src/com/facebook/buck/util/DirectoryTraverser.java...
  [javadoc] Loading source file /tmp/moe_git_clone_external_4048443413981435774/src/com/facebook/buck/util/DirectoryTraversers.java...
  [javadoc] Loading source file /tmp/moe_git_clone_external_4048443413981435774/src/com/facebook/buck/util/DirtyPrintStreamDecorator.java...
  [javadoc] Loading source file /tmp/moe_git_clone_external_4048443413981435774/src/com/facebook/buck/util/Escaper.java...
  [javadoc] Loading source file /tmp/moe_git_clone_external_4048443413981435774/src/com/facebook/buck/util/ExceptionWithHumanReadableMessage.java...
  [javadoc] Loading source file /tmp/moe_git_clone_external_4048443413981435774/src/com/facebook/buck/util/FileHashCache.java...
  [javadoc] Loading source file /tmp/moe_git_clone_external_4048443413981435774/src/com/facebook/buck/util/FilteredDirectoryCopier.java...
  [javadoc] Loading source file /tmp/moe_git_clone_external_4048443413981435774/src/com/facebook/buck/util/Filters.java...
  [javadoc] Loading source file /tmp/moe_git_clone_external_4048443413981435774/src/com/facebook/buck/util/HostFilesystem.java...
  [javadoc] Loading source file /tmp/moe_git_clone_external_4048443413981435774/src/com/facebook/buck/util/HttpEndpoint.java...
  [javadoc] Loading source file /tmp/moe_git_clone_external_4048443413981435774/src/com/facebook/buck/util/HttpResponse.java...
  [javadoc] Loading source file /tmp/moe_git_clone_external_4048443413981435774/src/com/facebook/buck/util/HumanReadableException.java...
  [javadoc] Loading source file /tmp/moe_git_clone_external_4048443413981435774/src/com/facebook/buck/util/InputStreamConsumer.java...
  [javadoc] Loading source file /tmp/moe_git_clone_external_4048443413981435774/src/com/facebook/buck/util/InterruptionFailedException.java...
  [javadoc] Loading source file /tmp/moe_git_clone_external_4048443413981435774/src/com/facebook/buck/util/KeystoreProperties.java...
  [javadoc] Loading source file /tmp/moe_git_clone_external_4048443413981435774/src/com/facebook/buck/util/MoreFiles.java...
  [javadoc] Loading source file /tmp/moe_git_clone_external_4048443413981435774/src/com/facebook/buck/util/MoreIterables.java...
  [javadoc] Loading source file /tmp/moe_git_clone_external_4048443413981435774/src/com/facebook/buck/util/MorePaths.java...
  [javadoc] Loading source file /tmp/moe_git_clone_external_4048443413981435774/src/com/facebook/buck/util/MorePosixFilePermissions.java...
  [javadoc] Loading source file /tmp/moe_git_clone_external_4048443413981435774/src/com/facebook/buck/util/MoreStrings.java...
  [javadoc] Loading source file /tmp/moe_git_clone_external_4048443413981435774/src/com/facebook/buck/util/NamedTemporaryFile.java...
  [javadoc] Loading source file /tmp/moe_git_clone_external_4048443413981435774/src/com/facebook/buck/util/NullFileHashCache.java...
  [javadoc] Loading source file /tmp/moe_git_clone_external_4048443413981435774/src/com/facebook/buck/util/Optionals.java...
  [javadoc] Loading source file /tmp/moe_git_clone_external_4048443413981435774/src/com/facebook/buck/util/ProcessExecutor.java...
  [javadoc] Loading source file /tmp/moe_git_clone_external_4048443413981435774/src/com/facebook/buck/util/ProjectFilesystem.java...
  [javadoc] Loading source file /tmp/moe_git_clone_external_4048443413981435774/src/com/facebook/buck/util/ProjectFilesystemWatcher.java...
  [javadoc] Loading source file /tmp/moe_git_clone_external_4048443413981435774/src/com/facebook/buck/util/PropertyFinder.java...
  [javadoc] Loading source file /tmp/moe_git_clone_external_4048443413981435774/src/com/facebook/buck/util/Threads.java...
  [javadoc] Loading source file /tmp/moe_git_clone_external_4048443413981435774/src/com/facebook/buck/util/ThriftWatcher.java...
  [javadoc] Loading source file /tmp/moe_git_clone_external_4048443413981435774/src/com/facebook/buck/util/TimeFormat.java...
  [javadoc] Loading source file /tmp/moe_git_clone_external_4048443413981435774/src/com/facebook/buck/util/TriState.java...
  [javadoc] Loading source file /tmp/moe_git_clone_external_4048443413981435774/src/com/facebook/buck/util/Types.java...
  [javadoc] Loading source file /tmp/moe_git_clone_external_4048443413981435774/src/com/facebook/buck/util/Verbosity.java...
  [javadoc] Loading source file /tmp/moe_git_clone_external_4048443413981435774/src/com/facebook/buck/util/VersionStringComparator.java...
  [javadoc] Loading source file /tmp/moe_git_clone_external_4048443413981435774/src/com/facebook/buck/util/WatchServiceWatcher.java...
  [javadoc] Loading source file /tmp/moe_git_clone_external_4048443413981435774/src/com/facebook/buck/util/WatchmanWatcher.java...
  [javadoc] Loading source file /tmp/moe_git_clone_external_4048443413981435774/src/com/facebook/buck/util/WatchmanWatcherException.java...
  [javadoc] Loading source file /tmp/moe_git_clone_external_4048443413981435774/src/com/facebook/buck/util/XmlDomParser.java...
  [javadoc] Loading source file /tmp/moe_git_clone_external_4048443413981435774/src/com/facebook/buck/util/ZipFileTraversal.java...
  [javadoc] Loading source file /tmp/moe_git_clone_external_4048443413981435774/src/com/facebook/buck/util/collect/ArrayIterable.java...
  [javadoc] Loading source file /tmp/moe_git_clone_external_4048443413981435774/src/com/facebook/buck/util/concurrent/MoreExecutors.java...
  [javadoc] Loading source file /tmp/moe_git_clone_external_4048443413981435774/src/com/facebook/buck/util/concurrent/MoreFutures.java...
  [javadoc] Loading source file /tmp/moe_git_clone_external_4048443413981435774/src/com/facebook/buck/util/concurrent/TimeSpan.java...
  [javadoc] Loading source file /tmp/moe_git_clone_external_4048443413981435774/src/com/facebook/buck/util/environment/DefaultExecutionEnvironment.java...
  [javadoc] Loading source file /tmp/moe_git_clone_external_4048443413981435774/src/com/facebook/buck/util/environment/ExecutionEnvironment.java...
  [javadoc] Loading source file /tmp/moe_git_clone_external_4048443413981435774/src/com/facebook/buck/util/environment/Platform.java...
  [javadoc] Loading source file /tmp/moe_git_clone_external_4048443413981435774/src/com/facebook/buck/util/hash/AppendingHasher.java...
  [javadoc] Loading source file /tmp/moe_git_clone_external_4048443413981435774/src/com/facebook/buck/util/unit/SizeUnit.java...
  [javadoc] Loading source file /tmp/moe_git_clone_external_4048443413981435774/src/com/facebook/buck/zip/AppendingZipOutputStream.java...
  [javadoc] Loading source file /tmp/moe_git_clone_external_4048443413981435774/src/com/facebook/buck/zip/ByteIo.java...
  [javadoc] Loading source file /tmp/moe_git_clone_external_4048443413981435774/src/com/facebook/buck/zip/CentralDirectory.java...
  [javadoc] Loading source file /tmp/moe_git_clone_external_4048443413981435774/src/com/facebook/buck/zip/CustomZipEntry.java...
  [javadoc] Loading source file /tmp/moe_git_clone_external_4048443413981435774/src/com/facebook/buck/zip/CustomZipOutputStream.java...
  [javadoc] Loading source file /tmp/moe_git_clone_external_4048443413981435774/src/com/facebook/buck/zip/EntryAccounting.java...
  [javadoc] Loading source file /tmp/moe_git_clone_external_4048443413981435774/src/com/facebook/buck/zip/OverwritingZipOutputStream.java...
  [javadoc] Loading source file /tmp/moe_git_clone_external_4048443413981435774/src/com/facebook/buck/zip/RepackZipEntriesStep.java...
  [javadoc] Loading source file /tmp/moe_git_clone_external_4048443413981435774/src/com/facebook/buck/zip/Unzip.java...
  [javadoc] Loading source file /tmp/moe_git_clone_external_4048443413981435774/src/com/facebook/buck/zip/UnzipStep.java...
  [javadoc] Loading source file /tmp/moe_git_clone_external_4048443413981435774/src/com/facebook/buck/zip/ZipOutputStreams.java...
  [javadoc] Loading source file /tmp/moe_git_clone_external_4048443413981435774/src/com/facebook/buck/zip/ZipStep.java...
  [javadoc] Loading source file /tmp/moe_git_clone_external_4048443413981435774/build/javacc/com/facebook/buck/apple/xcode/xcconfig/ParseException.java...
  [javadoc] Loading source file /tmp/moe_git_clone_external_4048443413981435774/build/javacc/com/facebook/buck/apple/xcode/xcconfig/SimpleCharStream.java...
  [javadoc] Loading source file /tmp/moe_git_clone_external_4048443413981435774/build/javacc/com/facebook/buck/apple/xcode/xcconfig/Token.java...
  [javadoc] Loading source file /tmp/moe_git_clone_external_4048443413981435774/build/javacc/com/facebook/buck/apple/xcode/xcconfig/TokenMgrError.java...
  [javadoc] Loading source file /tmp/moe_git_clone_external_4048443413981435774/build/javacc/com/facebook/buck/apple/xcode/xcconfig/XcconfigParser.java...
  [javadoc] Loading source file /tmp/moe_git_clone_external_4048443413981435774/build/javacc/com/facebook/buck/apple/xcode/xcconfig/XcconfigParserConstants.java...
  [javadoc] Loading source file /tmp/moe_git_clone_external_4048443413981435774/build/javacc/com/facebook/buck/apple/xcode/xcconfig/XcconfigParserTokenManager.java...
  [javadoc] Constructing Javadoc information...
  [javadoc] Standard Doclet version 1.7.0_67
  [javadoc] Building tree for all the packages and classes...
  [javadoc] Building index for all the packages and classes...
  [javadoc] Building index for all classes...
